fraig> cirr sim06.aag

fraig> usage
Period time used : 0.16 seconds
Total time used  : 0.16 seconds
Total memory used: 1.168 M Bytes

fraig> cirsw
Sweeping: AIG(2181) removed...
Sweeping: AIG(2182) removed...
Sweeping: AIG(2183) removed...
Sweeping: AIG(2184) removed...
Sweeping: AIG(2185) removed...
Sweeping: AIG(2186) removed...
Sweeping: AIG(2187) removed...
Sweeping: AIG(2188) removed...
Sweeping: AIG(2189) removed...
Sweeping: AIG(2190) removed...
Sweeping: AIG(2191) removed...
Sweeping: AIG(2192) removed...
Sweeping: AIG(2193) removed...
Sweeping: AIG(2194) removed...
Sweeping: AIG(2195) removed...
Sweeping: AIG(2196) removed...
Sweeping: AIG(2197) removed...
Sweeping: AIG(2198) removed...
Sweeping: AIG(2199) removed...
Sweeping: AIG(2200) removed...
Sweeping: AIG(2201) removed...
Sweeping: AIG(2202) removed...
Sweeping: AIG(2203) removed...
Sweeping: AIG(2204) removed...
Sweeping: AIG(2205) removed...
Sweeping: AIG(2206) removed...
Sweeping: AIG(2207) removed...
Sweeping: AIG(2208) removed...
Sweeping: AIG(2209) removed...
Sweeping: AIG(2210) removed...
Sweeping: AIG(2211) removed...
Sweeping: AIG(2212) removed...
Sweeping: AIG(2213) removed...
Sweeping: AIG(2214) removed...
Sweeping: AIG(2215) removed...
Sweeping: AIG(2216) removed...
Sweeping: AIG(2217) removed...
Sweeping: AIG(2218) removed...
Sweeping: AIG(2219) removed...
Sweeping: AIG(2220) removed...
Sweeping: AIG(2221) removed...
Sweeping: AIG(2222) removed...
Sweeping: AIG(2223) removed...
Sweeping: AIG(2224) removed...
Sweeping: AIG(2225) removed...
Sweeping: AIG(2226) removed...
Sweeping: AIG(2227) removed...
Sweeping: AIG(2228) removed...
Sweeping: AIG(2229) removed...
Sweeping: AIG(2230) removed...
Sweeping: AIG(2231) removed...
Sweeping: AIG(2232) removed...
Sweeping: AIG(2233) removed...
Sweeping: AIG(2234) removed...
Sweeping: AIG(2235) removed...
Sweeping: AIG(2236) removed...
Sweeping: AIG(2237) removed...
Sweeping: AIG(2238) removed...
Sweeping: AIG(2239) removed...
Sweeping: AIG(2240) removed...
Sweeping: AIG(2241) removed...
Sweeping: AIG(2242) removed...
Sweeping: AIG(2243) removed...
Sweeping: AIG(2244) removed...
Sweeping: AIG(2245) removed...
Sweeping: AIG(2246) removed...
Sweeping: AIG(2247) removed...
Sweeping: AIG(2248) removed...
Sweeping: AIG(2249) removed...
Sweeping: AIG(2250) removed...
Sweeping: AIG(2251) removed...
Sweeping: AIG(2252) removed...
Sweeping: AIG(2253) removed...
Sweeping: AIG(2254) removed...
Sweeping: AIG(2255) removed...
Sweeping: AIG(2256) removed...
Sweeping: AIG(2257) removed...
Sweeping: AIG(2258) removed...
Sweeping: AIG(2259) removed...
Sweeping: AIG(2260) removed...
Sweeping: AIG(2261) removed...
Sweeping: AIG(2262) removed...
Sweeping: AIG(2263) removed...
Sweeping: AIG(2264) removed...
Sweeping: AIG(2265) removed...
Sweeping: AIG(2266) removed...
Sweeping: AIG(2267) removed...
Sweeping: AIG(2268) removed...
Sweeping: AIG(2269) removed...
Sweeping: AIG(2270) removed...
Sweeping: AIG(2271) removed...
Sweeping: AIG(2272) removed...
Sweeping: AIG(2273) removed...
Sweeping: AIG(2274) removed...
Sweeping: AIG(2275) removed...
Sweeping: AIG(2276) removed...
Sweeping: AIG(2277) removed...
Sweeping: AIG(2278) removed...
Sweeping: AIG(2279) removed...
Sweeping: AIG(2280) removed...
Sweeping: AIG(2281) removed...
Sweeping: AIG(2282) removed...
Sweeping: AIG(2283) removed...
Sweeping: AIG(2284) removed...
Sweeping: AIG(2285) removed...
Sweeping: AIG(2286) removed...
Sweeping: AIG(2287) removed...
Sweeping: AIG(2288) removed...
Sweeping: AIG(2289) removed...
Sweeping: AIG(2290) removed...
Sweeping: AIG(2291) removed...
Sweeping: AIG(2292) removed...
Sweeping: AIG(2293) removed...
Sweeping: AIG(2294) removed...
Sweeping: AIG(2295) removed...
Sweeping: AIG(2296) removed...
Sweeping: AIG(2297) removed...
Sweeping: AIG(2298) removed...
Sweeping: AIG(2299) removed...
Sweeping: AIG(2300) removed...
Sweeping: AIG(2301) removed...
Sweeping: AIG(2302) removed...
Sweeping: AIG(2303) removed...
Sweeping: AIG(2304) removed...
Sweeping: AIG(2305) removed...
Sweeping: AIG(2306) removed...
Sweeping: AIG(2307) removed...
Sweeping: AIG(2308) removed...
Sweeping: AIG(2309) removed...
Sweeping: AIG(2310) removed...
Sweeping: AIG(2311) removed...
Sweeping: AIG(2312) removed...
Sweeping: AIG(2313) removed...
Sweeping: AIG(2314) removed...
Sweeping: AIG(2315) removed...
Sweeping: AIG(2316) removed...
Sweeping: AIG(2317) removed...
Sweeping: AIG(2318) removed...
Sweeping: AIG(2319) removed...
Sweeping: AIG(2320) removed...
Sweeping: AIG(2321) removed...
Sweeping: AIG(2322) removed...
Sweeping: AIG(2323) removed...
Sweeping: AIG(2324) removed...
Sweeping: AIG(2325) removed...
Sweeping: AIG(2326) removed...
Sweeping: AIG(2327) removed...
Sweeping: AIG(2328) removed...
Sweeping: AIG(2329) removed...
Sweeping: AIG(2330) removed...
Sweeping: AIG(2331) removed...
Sweeping: AIG(2332) removed...
Sweeping: AIG(2333) removed...
Sweeping: AIG(2334) removed...
Sweeping: AIG(2335) removed...
Sweeping: AIG(2336) removed...
Sweeping: AIG(2337) removed...
Sweeping: AIG(2338) removed...
Sweeping: AIG(2339) removed...
Sweeping: AIG(2340) removed...
Sweeping: AIG(2341) removed...
Sweeping: AIG(2342) removed...
Sweeping: AIG(2343) removed...
Sweeping: AIG(2344) removed...
Sweeping: AIG(2345) removed...
Sweeping: AIG(2346) removed...
Sweeping: AIG(2347) removed...
Sweeping: AIG(2348) removed...
Sweeping: AIG(2349) removed...
Sweeping: AIG(2350) removed...
Sweeping: AIG(2351) removed...
Sweeping: AIG(2352) removed...
Sweeping: AIG(2353) removed...
Sweeping: AIG(2354) removed...
Sweeping: AIG(2355) removed...
Sweeping: AIG(2356) removed...
Sweeping: AIG(2357) removed...
Sweeping: AIG(2358) removed...
Sweeping: AIG(2359) removed...
Sweeping: AIG(2360) removed...
Sweeping: AIG(2361) removed...
Sweeping: AIG(2362) removed...
Sweeping: AIG(2363) removed...
Sweeping: AIG(2364) removed...
Sweeping: AIG(2365) removed...
Sweeping: AIG(2366) removed...
Sweeping: AIG(2367) removed...
Sweeping: AIG(2368) removed...
Sweeping: AIG(2369) removed...
Sweeping: AIG(2370) removed...
Sweeping: AIG(2371) removed...
Sweeping: AIG(2372) removed...
Sweeping: AIG(2373) removed...
Sweeping: AIG(2374) removed...
Sweeping: AIG(2375) removed...
Sweeping: AIG(2376) removed...
Sweeping: AIG(2377) removed...
Sweeping: AIG(2378) removed...
Sweeping: AIG(2379) removed...
Sweeping: AIG(2380) removed...
Sweeping: AIG(2381) removed...
Sweeping: AIG(2382) removed...
Sweeping: AIG(2383) removed...
Sweeping: AIG(2384) removed...
Sweeping: AIG(2385) removed...
Sweeping: AIG(2386) removed...
Sweeping: AIG(2387) removed...
Sweeping: AIG(2388) removed...
Sweeping: AIG(2389) removed...
Sweeping: AIG(2390) removed...
Sweeping: AIG(2391) removed...
Sweeping: AIG(2392) removed...
Sweeping: AIG(2393) removed...
Sweeping: AIG(2394) removed...
Sweeping: AIG(2395) removed...
Sweeping: AIG(2396) removed...
Sweeping: AIG(2397) removed...
Sweeping: AIG(2398) removed...
Sweeping: AIG(2399) removed...
Sweeping: AIG(2400) removed...
Sweeping: AIG(2401) removed...
Sweeping: AIG(2402) removed...
Sweeping: AIG(2403) removed...
Sweeping: AIG(2404) removed...
Sweeping: AIG(2405) removed...
Sweeping: AIG(2406) removed...
Sweeping: AIG(2407) removed...
Sweeping: AIG(2408) removed...
Sweeping: AIG(2409) removed...
Sweeping: AIG(2410) removed...
Sweeping: AIG(2411) removed...
Sweeping: AIG(2412) removed...
Sweeping: AIG(2413) removed...
Sweeping: AIG(2414) removed...
Sweeping: AIG(2415) removed...
Sweeping: AIG(2416) removed...
Sweeping: AIG(2417) removed...
Sweeping: AIG(2418) removed...
Sweeping: AIG(2419) removed...
Sweeping: AIG(2420) removed...
Sweeping: AIG(2421) removed...
Sweeping: AIG(2422) removed...
Sweeping: AIG(2423) removed...
Sweeping: AIG(2424) removed...
Sweeping: AIG(2425) removed...
Sweeping: AIG(2426) removed...
Sweeping: AIG(2427) removed...
Sweeping: AIG(2428) removed...
Sweeping: AIG(2429) removed...
Sweeping: AIG(2430) removed...
Sweeping: AIG(2431) removed...
Sweeping: AIG(2432) removed...
Sweeping: AIG(2433) removed...
Sweeping: AIG(2434) removed...
Sweeping: AIG(2435) removed...
Sweeping: AIG(2436) removed...
Sweeping: AIG(2437) removed...
Sweeping: AIG(2438) removed...
Sweeping: AIG(2439) removed...
Sweeping: AIG(2440) removed...
Sweeping: AIG(2441) removed...
Sweeping: AIG(2442) removed...
Sweeping: AIG(2443) removed...
Sweeping: AIG(2444) removed...
Sweeping: AIG(2445) removed...
Sweeping: AIG(2446) removed...
Sweeping: AIG(2447) removed...
Sweeping: AIG(2448) removed...
Sweeping: AIG(2449) removed...
Sweeping: AIG(2450) removed...
Sweeping: AIG(2451) removed...
Sweeping: AIG(2452) removed...
Sweeping: AIG(2453) removed...
Sweeping: AIG(2454) removed...
Sweeping: AIG(2455) removed...
Sweeping: AIG(2456) removed...
Sweeping: AIG(2457) removed...
Sweeping: AIG(2458) removed...
Sweeping: AIG(2459) removed...
Sweeping: AIG(2460) removed...
Sweeping: AIG(2461) removed...
Sweeping: AIG(2462) removed...
Sweeping: AIG(2463) removed...
Sweeping: AIG(2464) removed...
Sweeping: AIG(2465) removed...
Sweeping: AIG(2466) removed...
Sweeping: AIG(2467) removed...
Sweeping: AIG(2468) removed...
Sweeping: AIG(2469) removed...
Sweeping: AIG(2470) removed...
Sweeping: AIG(2471) removed...
Sweeping: AIG(2472) removed...
Sweeping: AIG(2473) removed...
Sweeping: AIG(2474) removed...
Sweeping: AIG(2475) removed...
Sweeping: AIG(2476) removed...
Sweeping: AIG(2477) removed...
Sweeping: AIG(2478) removed...
Sweeping: AIG(2479) removed...
Sweeping: AIG(2480) removed...
Sweeping: AIG(2481) removed...
Sweeping: AIG(2482) removed...
Sweeping: AIG(2483) removed...
Sweeping: AIG(2484) removed...
Sweeping: AIG(2485) removed...
Sweeping: AIG(2486) removed...
Sweeping: AIG(2487) removed...
Sweeping: AIG(2488) removed...
Sweeping: AIG(2489) removed...
Sweeping: AIG(2490) removed...
Sweeping: AIG(2491) removed...
Sweeping: AIG(2492) removed...
Sweeping: AIG(2493) removed...
Sweeping: AIG(2494) removed...
Sweeping: AIG(2495) removed...
Sweeping: AIG(2496) removed...
Sweeping: AIG(2497) removed...
Sweeping: AIG(2498) removed...
Sweeping: AIG(2499) removed...
Sweeping: AIG(2500) removed...
Sweeping: AIG(2501) removed...
Sweeping: AIG(2502) removed...
Sweeping: AIG(2503) removed...
Sweeping: AIG(2504) removed...
Sweeping: AIG(2505) removed...
Sweeping: AIG(2506) removed...
Sweeping: AIG(2507) removed...
Sweeping: AIG(2508) removed...
Sweeping: AIG(2509) removed...
Sweeping: AIG(2510) removed...
Sweeping: AIG(2511) removed...
Sweeping: AIG(2512) removed...
Sweeping: AIG(2513) removed...
Sweeping: AIG(2514) removed...
Sweeping: AIG(2515) removed...
Sweeping: AIG(2516) removed...
Sweeping: AIG(2517) removed...
Sweeping: AIG(2518) removed...
Sweeping: AIG(2519) removed...
Sweeping: AIG(2520) removed...
Sweeping: AIG(2521) removed...
Sweeping: AIG(2522) removed...
Sweeping: AIG(2523) removed...
Sweeping: AIG(2524) removed...
Sweeping: AIG(2525) removed...
Sweeping: AIG(2526) removed...
Sweeping: AIG(2527) removed...
Sweeping: AIG(2528) removed...
Sweeping: AIG(2529) removed...
Sweeping: AIG(2530) removed...
Sweeping: AIG(2531) removed...
Sweeping: AIG(2532) removed...
Sweeping: AIG(2533) removed...
Sweeping: AIG(2534) removed...
Sweeping: AIG(2535) removed...
Sweeping: AIG(2536) removed...
Sweeping: AIG(2537) removed...
Sweeping: AIG(2538) removed...
Sweeping: AIG(2539) removed...
Sweeping: AIG(2540) removed...
Sweeping: AIG(2541) removed...
Sweeping: AIG(2542) removed...
Sweeping: AIG(2543) removed...
Sweeping: AIG(2544) removed...
Sweeping: AIG(2545) removed...
Sweeping: AIG(2546) removed...
Sweeping: AIG(2547) removed...
Sweeping: AIG(2548) removed...
Sweeping: AIG(2549) removed...
Sweeping: AIG(2550) removed...
Sweeping: AIG(2551) removed...
Sweeping: AIG(2552) removed...
Sweeping: AIG(2553) removed...
Sweeping: AIG(2554) removed...
Sweeping: AIG(2555) removed...
Sweeping: AIG(2556) removed...
Sweeping: AIG(2557) removed...
Sweeping: AIG(2558) removed...
Sweeping: AIG(2559) removed...
Sweeping: AIG(2560) removed...
Sweeping: AIG(2561) removed...
Sweeping: AIG(2562) removed...
Sweeping: AIG(2563) removed...
Sweeping: AIG(2564) removed...
Sweeping: AIG(2565) removed...
Sweeping: AIG(2566) removed...
Sweeping: AIG(2567) removed...
Sweeping: AIG(2568) removed...
Sweeping: AIG(2569) removed...
Sweeping: AIG(2570) removed...
Sweeping: AIG(2571) removed...
Sweeping: AIG(2572) removed...
Sweeping: AIG(2573) removed...
Sweeping: AIG(2574) removed...
Sweeping: AIG(2575) removed...
Sweeping: AIG(2576) removed...
Sweeping: AIG(2577) removed...
Sweeping: AIG(2578) removed...
Sweeping: AIG(2579) removed...
Sweeping: AIG(2580) removed...
Sweeping: AIG(2581) removed...
Sweeping: AIG(2582) removed...
Sweeping: AIG(2583) removed...
Sweeping: AIG(2584) removed...
Sweeping: AIG(2585) removed...
Sweeping: AIG(2586) removed...
Sweeping: AIG(2587) removed...
Sweeping: AIG(2588) removed...
Sweeping: AIG(2589) removed...
Sweeping: AIG(2590) removed...
Sweeping: AIG(2591) removed...
Sweeping: AIG(2592) removed...
Sweeping: AIG(2593) removed...
Sweeping: AIG(2594) removed...
Sweeping: AIG(2595) removed...
Sweeping: AIG(2596) removed...
Sweeping: AIG(2597) removed...
Sweeping: AIG(2598) removed...
Sweeping: AIG(2599) removed...
Sweeping: AIG(2600) removed...
Sweeping: AIG(2601) removed...
Sweeping: AIG(2602) removed...
Sweeping: AIG(2603) removed...
Sweeping: AIG(2604) removed...
Sweeping: AIG(2605) removed...
Sweeping: AIG(2606) removed...
Sweeping: AIG(2607) removed...
Sweeping: AIG(2608) removed...
Sweeping: AIG(2609) removed...
Sweeping: AIG(2610) removed...
Sweeping: AIG(2611) removed...
Sweeping: AIG(2612) removed...
Sweeping: AIG(2613) removed...
Sweeping: AIG(2614) removed...
Sweeping: AIG(2615) removed...
Sweeping: AIG(2616) removed...
Sweeping: AIG(2617) removed...
Sweeping: AIG(2618) removed...
Sweeping: AIG(2619) removed...
Sweeping: AIG(2620) removed...
Sweeping: AIG(2621) removed...
Sweeping: AIG(2622) removed...
Sweeping: AIG(2623) removed...
Sweeping: AIG(2624) removed...
Sweeping: AIG(2625) removed...
Sweeping: AIG(2626) removed...
Sweeping: AIG(2627) removed...
Sweeping: AIG(2628) removed...
Sweeping: AIG(2629) removed...
Sweeping: AIG(2630) removed...
Sweeping: AIG(2631) removed...
Sweeping: AIG(2632) removed...
Sweeping: AIG(2633) removed...
Sweeping: AIG(2634) removed...
Sweeping: AIG(2635) removed...
Sweeping: AIG(2636) removed...
Sweeping: AIG(2637) removed...
Sweeping: AIG(2638) removed...
Sweeping: AIG(2639) removed...
Sweeping: AIG(2640) removed...
Sweeping: AIG(2641) removed...
Sweeping: AIG(2642) removed...
Sweeping: AIG(2643) removed...
Sweeping: AIG(2644) removed...
Sweeping: AIG(2645) removed...
Sweeping: AIG(2646) removed...
Sweeping: AIG(2647) removed...
Sweeping: AIG(2648) removed...
Sweeping: AIG(2649) removed...
Sweeping: AIG(2650) removed...
Sweeping: AIG(2651) removed...
Sweeping: AIG(2652) removed...
Sweeping: AIG(2653) removed...
Sweeping: AIG(2654) removed...
Sweeping: AIG(2655) removed...
Sweeping: AIG(2656) removed...
Sweeping: AIG(2657) removed...
Sweeping: AIG(2658) removed...
Sweeping: AIG(2659) removed...
Sweeping: AIG(2660) removed...
Sweeping: AIG(2661) removed...
Sweeping: AIG(2662) removed...
Sweeping: AIG(2663) removed...
Sweeping: AIG(2664) removed...
Sweeping: AIG(2665) removed...
Sweeping: AIG(2666) removed...
Sweeping: AIG(2667) removed...
Sweeping: AIG(2668) removed...
Sweeping: AIG(2669) removed...
Sweeping: AIG(2670) removed...
Sweeping: AIG(2671) removed...
Sweeping: AIG(2672) removed...
Sweeping: AIG(2673) removed...
Sweeping: AIG(2674) removed...
Sweeping: AIG(2675) removed...
Sweeping: AIG(2676) removed...
Sweeping: AIG(2677) removed...
Sweeping: AIG(2678) removed...
Sweeping: AIG(2679) removed...
Sweeping: AIG(2680) removed...
Sweeping: AIG(2681) removed...
Sweeping: AIG(2682) removed...
Sweeping: AIG(2683) removed...
Sweeping: AIG(2684) removed...
Sweeping: AIG(2685) removed...
Sweeping: AIG(2686) removed...
Sweeping: AIG(2687) removed...
Sweeping: AIG(2688) removed...
Sweeping: AIG(2689) removed...
Sweeping: AIG(2690) removed...
Sweeping: AIG(2691) removed...
Sweeping: AIG(2692) removed...
Sweeping: AIG(2693) removed...
Sweeping: AIG(2694) removed...
Sweeping: AIG(2695) removed...
Sweeping: AIG(2696) removed...
Sweeping: AIG(2697) removed...
Sweeping: AIG(2698) removed...
Sweeping: AIG(2699) removed...
Sweeping: AIG(2700) removed...
Sweeping: AIG(2701) removed...
Sweeping: AIG(2702) removed...
Sweeping: AIG(2703) removed...
Sweeping: AIG(2704) removed...
Sweeping: AIG(2705) removed...
Sweeping: AIG(2706) removed...
Sweeping: AIG(2707) removed...
Sweeping: AIG(2708) removed...
Sweeping: AIG(2709) removed...
Sweeping: AIG(2710) removed...
Sweeping: AIG(2711) removed...
Sweeping: AIG(2712) removed...
Sweeping: AIG(2713) removed...
Sweeping: AIG(2714) removed...
Sweeping: AIG(2715) removed...
Sweeping: AIG(2716) removed...
Sweeping: AIG(2717) removed...
Sweeping: AIG(2718) removed...
Sweeping: AIG(2719) removed...
Sweeping: AIG(2720) removed...
Sweeping: AIG(2721) removed...
Sweeping: AIG(2722) removed...
Sweeping: AIG(2723) removed...
Sweeping: AIG(2724) removed...
Sweeping: AIG(2725) removed...
Sweeping: AIG(2726) removed...
Sweeping: AIG(2727) removed...
Sweeping: AIG(2728) removed...
Sweeping: AIG(2729) removed...
Sweeping: AIG(2730) removed...
Sweeping: AIG(2731) removed...
Sweeping: AIG(2732) removed...
Sweeping: AIG(2733) removed...
Sweeping: AIG(2734) removed...
Sweeping: AIG(2735) removed...
Sweeping: AIG(2736) removed...
Sweeping: AIG(2737) removed...
Sweeping: AIG(2738) removed...
Sweeping: AIG(2739) removed...
Sweeping: AIG(2740) removed...
Sweeping: AIG(2741) removed...
Sweeping: AIG(2742) removed...
Sweeping: AIG(2743) removed...
Sweeping: AIG(2744) removed...
Sweeping: AIG(2745) removed...
Sweeping: AIG(2746) removed...
Sweeping: AIG(2747) removed...
Sweeping: AIG(2748) removed...
Sweeping: AIG(2749) removed...
Sweeping: AIG(2750) removed...
Sweeping: AIG(2751) removed...
Sweeping: AIG(2752) removed...
Sweeping: AIG(2753) removed...
Sweeping: AIG(2754) removed...
Sweeping: AIG(2755) removed...
Sweeping: AIG(2756) removed...
Sweeping: AIG(2757) removed...
Sweeping: AIG(2758) removed...
Sweeping: AIG(2759) removed...
Sweeping: AIG(2760) removed...
Sweeping: AIG(2761) removed...
Sweeping: AIG(2762) removed...
Sweeping: AIG(2763) removed...
Sweeping: AIG(2764) removed...
Sweeping: AIG(2765) removed...
Sweeping: AIG(2766) removed...
Sweeping: AIG(2767) removed...
Sweeping: AIG(2768) removed...
Sweeping: AIG(2769) removed...
Sweeping: AIG(2770) removed...
Sweeping: AIG(2771) removed...
Sweeping: AIG(2772) removed...
Sweeping: AIG(2773) removed...
Sweeping: AIG(2774) removed...
Sweeping: AIG(2775) removed...
Sweeping: AIG(2776) removed...
Sweeping: AIG(2777) removed...
Sweeping: AIG(2778) removed...
Sweeping: AIG(2779) removed...
Sweeping: AIG(2780) removed...
Sweeping: AIG(2781) removed...
Sweeping: AIG(2782) removed...
Sweeping: AIG(2783) removed...
Sweeping: AIG(2784) removed...
Sweeping: AIG(2785) removed...
Sweeping: AIG(2786) removed...
Sweeping: AIG(2787) removed...
Sweeping: AIG(2788) removed...
Sweeping: AIG(2789) removed...
Sweeping: AIG(2790) removed...
Sweeping: AIG(2791) removed...
Sweeping: AIG(2792) removed...
Sweeping: AIG(2793) removed...
Sweeping: AIG(2794) removed...
Sweeping: AIG(2795) removed...
Sweeping: AIG(2796) removed...
Sweeping: AIG(2797) removed...
Sweeping: AIG(2798) removed...
Sweeping: AIG(2799) removed...
Sweeping: AIG(2800) removed...
Sweeping: AIG(2801) removed...
Sweeping: AIG(2802) removed...
Sweeping: AIG(2803) removed...
Sweeping: AIG(2804) removed...
Sweeping: AIG(2805) removed...
Sweeping: AIG(2806) removed...
Sweeping: AIG(2807) removed...
Sweeping: AIG(2808) removed...
Sweeping: AIG(2809) removed...
Sweeping: AIG(2810) removed...
Sweeping: AIG(2811) removed...
Sweeping: AIG(2812) removed...
Sweeping: AIG(2813) removed...
Sweeping: AIG(2814) removed...
Sweeping: AIG(2815) removed...
Sweeping: AIG(2816) removed...
Sweeping: AIG(2817) removed...
Sweeping: AIG(2818) removed...
Sweeping: AIG(2819) removed...
Sweeping: AIG(2820) removed...
Sweeping: AIG(2821) removed...
Sweeping: AIG(2822) removed...
Sweeping: AIG(2823) removed...
Sweeping: AIG(2824) removed...
Sweeping: AIG(2825) removed...
Sweeping: AIG(2826) removed...
Sweeping: AIG(2827) removed...
Sweeping: AIG(2828) removed...
Sweeping: AIG(2829) removed...
Sweeping: AIG(2830) removed...
Sweeping: AIG(2831) removed...
Sweeping: AIG(2832) removed...
Sweeping: AIG(2833) removed...
Sweeping: AIG(2834) removed...
Sweeping: AIG(2835) removed...
Sweeping: AIG(2836) removed...
Sweeping: AIG(2837) removed...
Sweeping: AIG(2838) removed...
Sweeping: AIG(2839) removed...
Sweeping: AIG(2840) removed...
Sweeping: AIG(2841) removed...
Sweeping: AIG(2842) removed...
Sweeping: AIG(2843) removed...
Sweeping: AIG(2844) removed...
Sweeping: AIG(2845) removed...
Sweeping: AIG(2846) removed...
Sweeping: AIG(2847) removed...
Sweeping: AIG(2848) removed...
Sweeping: AIG(2849) removed...
Sweeping: AIG(2850) removed...
Sweeping: AIG(2851) removed...
Sweeping: AIG(2852) removed...
Sweeping: AIG(2853) removed...
Sweeping: AIG(2854) removed...
Sweeping: AIG(2855) removed...
Sweeping: AIG(2856) removed...
Sweeping: AIG(2857) removed...
Sweeping: AIG(2858) removed...
Sweeping: AIG(2859) removed...
Sweeping: AIG(2860) removed...
Sweeping: AIG(2861) removed...
Sweeping: AIG(2862) removed...
Sweeping: AIG(2863) removed...
Sweeping: AIG(2864) removed...
Sweeping: AIG(2865) removed...
Sweeping: AIG(2866) removed...
Sweeping: AIG(2867) removed...
Sweeping: AIG(2868) removed...
Sweeping: AIG(2869) removed...
Sweeping: AIG(2870) removed...
Sweeping: AIG(2871) removed...
Sweeping: AIG(2872) removed...
Sweeping: AIG(2873) removed...
Sweeping: AIG(2874) removed...
Sweeping: AIG(2875) removed...
Sweeping: AIG(2876) removed...
Sweeping: AIG(2877) removed...
Sweeping: AIG(2878) removed...
Sweeping: AIG(2879) removed...
Sweeping: AIG(2880) removed...
Sweeping: AIG(2881) removed...
Sweeping: AIG(2882) removed...
Sweeping: AIG(2883) removed...
Sweeping: AIG(2884) removed...
Sweeping: AIG(2885) removed...
Sweeping: AIG(2886) removed...
Sweeping: AIG(2887) removed...
Sweeping: AIG(2888) removed...
Sweeping: AIG(2889) removed...
Sweeping: AIG(2890) removed...
Sweeping: AIG(2891) removed...
Sweeping: AIG(2892) removed...
Sweeping: AIG(2893) removed...
Sweeping: AIG(2894) removed...
Sweeping: AIG(2895) removed...
Sweeping: AIG(2896) removed...
Sweeping: AIG(2897) removed...
Sweeping: AIG(2898) removed...
Sweeping: AIG(2899) removed...
Sweeping: AIG(2900) removed...
Sweeping: AIG(2901) removed...
Sweeping: AIG(2902) removed...
Sweeping: AIG(2903) removed...
Sweeping: AIG(2904) removed...
Sweeping: AIG(2905) removed...
Sweeping: AIG(2906) removed...
Sweeping: AIG(2907) removed...
Sweeping: AIG(2908) removed...
Sweeping: AIG(2909) removed...
Sweeping: AIG(2910) removed...
Sweeping: AIG(2911) removed...
Sweeping: AIG(2912) removed...
Sweeping: AIG(2913) removed...
Sweeping: AIG(2914) removed...
Sweeping: AIG(2915) removed...
Sweeping: AIG(2916) removed...
Sweeping: AIG(2917) removed...
Sweeping: AIG(2918) removed...
Sweeping: AIG(2919) removed...
Sweeping: AIG(2920) removed...
Sweeping: AIG(2921) removed...
Sweeping: AIG(2922) removed...
Sweeping: AIG(2923) removed...
Sweeping: AIG(2924) removed...
Sweeping: AIG(2925) removed...
Sweeping: AIG(2926) removed...
Sweeping: AIG(2927) removed...
Sweeping: AIG(2928) removed...
Sweeping: AIG(2929) removed...
Sweeping: AIG(2930) removed...
Sweeping: AIG(2931) removed...
Sweeping: AIG(2932) removed...
Sweeping: AIG(2933) removed...
Sweeping: AIG(2934) removed...
Sweeping: AIG(2935) removed...
Sweeping: AIG(2936) removed...
Sweeping: AIG(2937) removed...
Sweeping: AIG(2938) removed...
Sweeping: AIG(2939) removed...
Sweeping: AIG(2940) removed...
Sweeping: AIG(2941) removed...
Sweeping: AIG(2942) removed...
Sweeping: AIG(2943) removed...
Sweeping: AIG(2944) removed...
Sweeping: AIG(2945) removed...
Sweeping: AIG(2946) removed...
Sweeping: AIG(2947) removed...
Sweeping: AIG(2948) removed...
Sweeping: AIG(2949) removed...
Sweeping: AIG(2950) removed...
Sweeping: AIG(2951) removed...
Sweeping: AIG(2952) removed...
Sweeping: AIG(2953) removed...
Sweeping: AIG(2954) removed...
Sweeping: AIG(2955) removed...
Sweeping: AIG(2956) removed...
Sweeping: AIG(2957) removed...
Sweeping: AIG(2958) removed...
Sweeping: AIG(2959) removed...
Sweeping: AIG(2960) removed...
Sweeping: AIG(2961) removed...
Sweeping: AIG(2962) removed...
Sweeping: AIG(2963) removed...
Sweeping: AIG(2964) removed...
Sweeping: AIG(2965) removed...
Sweeping: AIG(2966) removed...
Sweeping: AIG(2967) removed...
Sweeping: AIG(2968) removed...
Sweeping: AIG(2969) removed...
Sweeping: AIG(2970) removed...
Sweeping: AIG(2971) removed...
Sweeping: AIG(2972) removed...
Sweeping: AIG(2973) removed...
Sweeping: AIG(2974) removed...
Sweeping: AIG(2975) removed...
Sweeping: AIG(2976) removed...
Sweeping: AIG(2977) removed...
Sweeping: AIG(2978) removed...
Sweeping: AIG(2979) removed...
Sweeping: AIG(2980) removed...
Sweeping: AIG(2981) removed...
Sweeping: AIG(2982) removed...
Sweeping: AIG(2983) removed...
Sweeping: AIG(2984) removed...
Sweeping: AIG(2985) removed...
Sweeping: AIG(2986) removed...
Sweeping: AIG(2987) removed...
Sweeping: AIG(2988) removed...
Sweeping: AIG(2989) removed...
Sweeping: AIG(2990) removed...
Sweeping: AIG(2991) removed...
Sweeping: AIG(2992) removed...
Sweeping: AIG(2993) removed...
Sweeping: AIG(2994) removed...
Sweeping: AIG(2995) removed...
Sweeping: AIG(2996) removed...
Sweeping: AIG(2997) removed...
Sweeping: AIG(2998) removed...
Sweeping: AIG(2999) removed...
Sweeping: AIG(3000) removed...
Sweeping: AIG(3001) removed...
Sweeping: AIG(3002) removed...
Sweeping: AIG(3003) removed...
Sweeping: AIG(3004) removed...
Sweeping: AIG(3005) removed...
Sweeping: AIG(3006) removed...
Sweeping: AIG(3007) removed...
Sweeping: AIG(3008) removed...
Sweeping: AIG(3009) removed...
Sweeping: AIG(3010) removed...
Sweeping: AIG(3011) removed...
Sweeping: AIG(3012) removed...
Sweeping: AIG(3013) removed...
Sweeping: AIG(3014) removed...
Sweeping: AIG(3015) removed...
Sweeping: AIG(3016) removed...
Sweeping: AIG(3017) removed...
Sweeping: AIG(3018) removed...
Sweeping: AIG(3019) removed...
Sweeping: AIG(3020) removed...
Sweeping: AIG(3021) removed...
Sweeping: AIG(3022) removed...
Sweeping: AIG(3023) removed...
Sweeping: AIG(3024) removed...
Sweeping: AIG(3025) removed...
Sweeping: AIG(3026) removed...
Sweeping: AIG(3027) removed...
Sweeping: AIG(3028) removed...
Sweeping: AIG(3029) removed...
Sweeping: AIG(3030) removed...
Sweeping: AIG(3031) removed...
Sweeping: AIG(3032) removed...
Sweeping: AIG(3033) removed...
Sweeping: AIG(3034) removed...
Sweeping: AIG(3035) removed...
Sweeping: AIG(3036) removed...
Sweeping: AIG(3037) removed...
Sweeping: AIG(3038) removed...
Sweeping: AIG(3039) removed...
Sweeping: AIG(3040) removed...
Sweeping: AIG(3041) removed...
Sweeping: AIG(3042) removed...
Sweeping: AIG(3043) removed...
Sweeping: AIG(3044) removed...
Sweeping: AIG(3045) removed...
Sweeping: AIG(3046) removed...
Sweeping: AIG(3047) removed...
Sweeping: AIG(3048) removed...
Sweeping: AIG(3049) removed...
Sweeping: AIG(3050) removed...
Sweeping: AIG(3051) removed...
Sweeping: AIG(3052) removed...
Sweeping: AIG(3053) removed...
Sweeping: AIG(3054) removed...
Sweeping: AIG(3055) removed...
Sweeping: AIG(3056) removed...
Sweeping: AIG(3057) removed...
Sweeping: AIG(3058) removed...
Sweeping: AIG(3059) removed...
Sweeping: AIG(3060) removed...
Sweeping: AIG(3061) removed...
Sweeping: AIG(3062) removed...
Sweeping: AIG(3063) removed...
Sweeping: AIG(3064) removed...
Sweeping: AIG(3065) removed...
Sweeping: AIG(3066) removed...
Sweeping: AIG(3067) removed...
Sweeping: AIG(3068) removed...
Sweeping: AIG(3069) removed...
Sweeping: AIG(3070) removed...
Sweeping: AIG(3071) removed...
Sweeping: AIG(3072) removed...
Sweeping: AIG(3073) removed...
Sweeping: AIG(3074) removed...
Sweeping: AIG(3075) removed...
Sweeping: AIG(3076) removed...
Sweeping: AIG(3077) removed...
Sweeping: AIG(3078) removed...
Sweeping: AIG(3079) removed...
Sweeping: AIG(3080) removed...
Sweeping: AIG(3081) removed...
Sweeping: AIG(3082) removed...
Sweeping: AIG(3083) removed...
Sweeping: AIG(3084) removed...
Sweeping: AIG(3085) removed...
Sweeping: AIG(3086) removed...
Sweeping: AIG(3087) removed...
Sweeping: AIG(3088) removed...
Sweeping: AIG(3089) removed...
Sweeping: AIG(3090) removed...
Sweeping: AIG(3091) removed...
Sweeping: AIG(3092) removed...
Sweeping: AIG(3093) removed...
Sweeping: AIG(3094) removed...
Sweeping: AIG(3095) removed...
Sweeping: AIG(3096) removed...
Sweeping: AIG(3097) removed...
Sweeping: AIG(3098) removed...
Sweeping: AIG(3099) removed...
Sweeping: AIG(3100) removed...
Sweeping: AIG(3101) removed...
Sweeping: AIG(3102) removed...
Sweeping: AIG(3103) removed...
Sweeping: AIG(3104) removed...
Sweeping: AIG(3105) removed...
Sweeping: AIG(3106) removed...
Sweeping: AIG(3107) removed...
Sweeping: AIG(3108) removed...
Sweeping: AIG(3109) removed...
Sweeping: AIG(3110) removed...
Sweeping: AIG(3111) removed...
Sweeping: AIG(3112) removed...
Sweeping: AIG(3113) removed...
Sweeping: AIG(3114) removed...
Sweeping: AIG(3115) removed...
Sweeping: AIG(3116) removed...
Sweeping: AIG(3117) removed...
Sweeping: AIG(3118) removed...
Sweeping: AIG(3119) removed...
Sweeping: AIG(3120) removed...
Sweeping: AIG(3121) removed...
Sweeping: AIG(3122) removed...
Sweeping: AIG(3123) removed...
Sweeping: AIG(3124) removed...
Sweeping: AIG(3125) removed...
Sweeping: AIG(3126) removed...
Sweeping: AIG(3127) removed...
Sweeping: AIG(3128) removed...
Sweeping: AIG(3129) removed...
Sweeping: AIG(3130) removed...
Sweeping: AIG(3131) removed...
Sweeping: AIG(3132) removed...
Sweeping: AIG(3133) removed...
Sweeping: AIG(3134) removed...
Sweeping: AIG(3135) removed...
Sweeping: AIG(3136) removed...
Sweeping: AIG(3137) removed...
Sweeping: AIG(3138) removed...
Sweeping: AIG(3139) removed...
Sweeping: AIG(3140) removed...
Sweeping: AIG(3141) removed...
Sweeping: AIG(3142) removed...
Sweeping: AIG(3143) removed...
Sweeping: AIG(3144) removed...
Sweeping: AIG(3145) removed...
Sweeping: AIG(3146) removed...
Sweeping: AIG(3147) removed...
Sweeping: AIG(3148) removed...
Sweeping: AIG(3149) removed...
Sweeping: AIG(3150) removed...
Sweeping: AIG(3151) removed...
Sweeping: AIG(3152) removed...
Sweeping: AIG(3153) removed...
Sweeping: AIG(3154) removed...
Sweeping: AIG(3155) removed...
Sweeping: AIG(3156) removed...
Sweeping: AIG(3157) removed...
Sweeping: AIG(3158) removed...
Sweeping: AIG(3159) removed...
Sweeping: AIG(3160) removed...
Sweeping: AIG(3161) removed...
Sweeping: AIG(3162) removed...
Sweeping: AIG(3163) removed...
Sweeping: AIG(3164) removed...
Sweeping: AIG(3165) removed...
Sweeping: AIG(3166) removed...
Sweeping: AIG(3167) removed...
Sweeping: AIG(3168) removed...
Sweeping: AIG(3169) removed...
Sweeping: AIG(3170) removed...
Sweeping: AIG(3171) removed...
Sweeping: AIG(3172) removed...
Sweeping: AIG(3173) removed...
Sweeping: AIG(3174) removed...
Sweeping: AIG(3175) removed...
Sweeping: AIG(3176) removed...
Sweeping: AIG(3177) removed...
Sweeping: AIG(3178) removed...
Sweeping: AIG(3179) removed...
Sweeping: AIG(3180) removed...
Sweeping: AIG(3181) removed...
Sweeping: AIG(3182) removed...
Sweeping: AIG(3183) removed...
Sweeping: AIG(3184) removed...
Sweeping: AIG(3185) removed...
Sweeping: AIG(3186) removed...
Sweeping: AIG(3187) removed...
Sweeping: AIG(3188) removed...
Sweeping: AIG(3189) removed...
Sweeping: AIG(3190) removed...
Sweeping: AIG(3191) removed...
Sweeping: AIG(3192) removed...
Sweeping: AIG(3193) removed...
Sweeping: AIG(3194) removed...
Sweeping: AIG(3195) removed...
Sweeping: AIG(3196) removed...
Sweeping: AIG(3197) removed...
Sweeping: AIG(3198) removed...
Sweeping: AIG(3199) removed...
Sweeping: AIG(3200) removed...
Sweeping: AIG(3201) removed...
Sweeping: AIG(3202) removed...
Sweeping: AIG(3203) removed...
Sweeping: AIG(3204) removed...
Sweeping: AIG(3205) removed...
Sweeping: AIG(3206) removed...
Sweeping: AIG(3207) removed...
Sweeping: AIG(3208) removed...
Sweeping: AIG(3209) removed...
Sweeping: AIG(3210) removed...
Sweeping: AIG(3211) removed...
Sweeping: AIG(3212) removed...
Sweeping: AIG(3213) removed...
Sweeping: AIG(3214) removed...
Sweeping: AIG(3215) removed...
Sweeping: AIG(3216) removed...
Sweeping: AIG(3217) removed...
Sweeping: AIG(3218) removed...
Sweeping: AIG(3219) removed...
Sweeping: AIG(3220) removed...
Sweeping: AIG(3221) removed...
Sweeping: AIG(3222) removed...
Sweeping: AIG(3223) removed...
Sweeping: AIG(3224) removed...
Sweeping: AIG(3225) removed...
Sweeping: AIG(3226) removed...
Sweeping: AIG(3227) removed...
Sweeping: AIG(3228) removed...
Sweeping: AIG(3229) removed...
Sweeping: AIG(3230) removed...
Sweeping: AIG(3231) removed...
Sweeping: AIG(3232) removed...
Sweeping: AIG(3233) removed...
Sweeping: AIG(3234) removed...
Sweeping: AIG(3235) removed...
Sweeping: AIG(3236) removed...
Sweeping: AIG(3237) removed...
Sweeping: AIG(3238) removed...
Sweeping: AIG(3239) removed...
Sweeping: AIG(3240) removed...
Sweeping: AIG(3241) removed...
Sweeping: AIG(3242) removed...
Sweeping: AIG(3243) removed...
Sweeping: AIG(3244) removed...
Sweeping: AIG(3245) removed...
Sweeping: AIG(3246) removed...
Sweeping: AIG(3247) removed...
Sweeping: AIG(3248) removed...
Sweeping: AIG(3249) removed...
Sweeping: AIG(3250) removed...
Sweeping: AIG(3251) removed...
Sweeping: AIG(3252) removed...
Sweeping: AIG(3253) removed...
Sweeping: AIG(3254) removed...
Sweeping: AIG(3255) removed...
Sweeping: AIG(3256) removed...
Sweeping: AIG(3257) removed...
Sweeping: AIG(3258) removed...
Sweeping: AIG(3259) removed...
Sweeping: AIG(3260) removed...
Sweeping: AIG(3261) removed...
Sweeping: AIG(3262) removed...
Sweeping: AIG(3263) removed...
Sweeping: AIG(3264) removed...
Sweeping: AIG(3265) removed...
Sweeping: AIG(3266) removed...
Sweeping: AIG(3267) removed...
Sweeping: AIG(3268) removed...
Sweeping: AIG(3269) removed...
Sweeping: AIG(3270) removed...
Sweeping: AIG(3271) removed...
Sweeping: AIG(3272) removed...
Sweeping: AIG(3273) removed...
Sweeping: AIG(3274) removed...
Sweeping: AIG(3275) removed...
Sweeping: AIG(3276) removed...
Sweeping: AIG(3277) removed...
Sweeping: AIG(3278) removed...
Sweeping: AIG(3279) removed...
Sweeping: AIG(3280) removed...
Sweeping: AIG(3281) removed...
Sweeping: AIG(3282) removed...
Sweeping: AIG(3283) removed...
Sweeping: AIG(3284) removed...
Sweeping: AIG(3285) removed...
Sweeping: AIG(3286) removed...
Sweeping: AIG(3287) removed...
Sweeping: AIG(3288) removed...
Sweeping: AIG(3289) removed...
Sweeping: AIG(3290) removed...
Sweeping: AIG(3291) removed...
Sweeping: AIG(3292) removed...
Sweeping: AIG(3293) removed...
Sweeping: AIG(3294) removed...
Sweeping: AIG(3295) removed...
Sweeping: AIG(3296) removed...
Sweeping: AIG(3297) removed...
Sweeping: AIG(3298) removed...
Sweeping: AIG(3299) removed...
Sweeping: AIG(3300) removed...
Sweeping: AIG(3301) removed...
Sweeping: AIG(3302) removed...
Sweeping: AIG(3303) removed...
Sweeping: AIG(3304) removed...
Sweeping: AIG(3305) removed...
Sweeping: AIG(3306) removed...
Sweeping: AIG(3307) removed...
Sweeping: AIG(3308) removed...
Sweeping: AIG(3309) removed...
Sweeping: AIG(3310) removed...
Sweeping: AIG(3311) removed...
Sweeping: AIG(3312) removed...
Sweeping: AIG(3313) removed...
Sweeping: AIG(3314) removed...
Sweeping: AIG(3315) removed...
Sweeping: AIG(3316) removed...
Sweeping: AIG(3317) removed...
Sweeping: AIG(3318) removed...
Sweeping: AIG(3319) removed...
Sweeping: AIG(3320) removed...
Sweeping: AIG(3321) removed...
Sweeping: AIG(3322) removed...
Sweeping: AIG(3323) removed...
Sweeping: AIG(3324) removed...
Sweeping: AIG(3325) removed...
Sweeping: AIG(3326) removed...
Sweeping: AIG(3327) removed...
Sweeping: AIG(3328) removed...
Sweeping: AIG(3329) removed...
Sweeping: AIG(3330) removed...
Sweeping: AIG(3331) removed...
Sweeping: AIG(3332) removed...
Sweeping: AIG(3333) removed...
Sweeping: AIG(3334) removed...
Sweeping: AIG(3335) removed...
Sweeping: AIG(3336) removed...
Sweeping: AIG(3337) removed...
Sweeping: AIG(3338) removed...
Sweeping: AIG(3339) removed...
Sweeping: AIG(3340) removed...
Sweeping: AIG(3341) removed...
Sweeping: AIG(3342) removed...
Sweeping: AIG(3343) removed...
Sweeping: AIG(3344) removed...
Sweeping: AIG(3345) removed...
Sweeping: AIG(3346) removed...
Sweeping: AIG(3347) removed...
Sweeping: AIG(3348) removed...
Sweeping: AIG(3349) removed...
Sweeping: AIG(3350) removed...
Sweeping: AIG(3351) removed...
Sweeping: AIG(3352) removed...
Sweeping: AIG(3353) removed...
Sweeping: AIG(3354) removed...
Sweeping: AIG(3355) removed...
Sweeping: AIG(3356) removed...
Sweeping: AIG(3357) removed...
Sweeping: AIG(3358) removed...
Sweeping: AIG(3359) removed...
Sweeping: AIG(3360) removed...
Sweeping: AIG(3361) removed...
Sweeping: AIG(3362) removed...
Sweeping: AIG(3363) removed...
Sweeping: AIG(3364) removed...
Sweeping: AIG(3365) removed...
Sweeping: AIG(3366) removed...
Sweeping: AIG(3367) removed...
Sweeping: AIG(3368) removed...
Sweeping: AIG(3369) removed...
Sweeping: AIG(3370) removed...
Sweeping: AIG(3371) removed...
Sweeping: AIG(3372) removed...
Sweeping: AIG(3373) removed...
Sweeping: AIG(3374) removed...
Sweeping: AIG(3375) removed...
Sweeping: AIG(3376) removed...
Sweeping: AIG(3377) removed...
Sweeping: AIG(3378) removed...
Sweeping: AIG(3379) removed...
Sweeping: AIG(3380) removed...
Sweeping: AIG(3381) removed...
Sweeping: AIG(3382) removed...
Sweeping: AIG(3383) removed...
Sweeping: AIG(3384) removed...
Sweeping: AIG(3385) removed...
Sweeping: AIG(3386) removed...
Sweeping: AIG(3387) removed...
Sweeping: AIG(3388) removed...
Sweeping: AIG(3389) removed...
Sweeping: AIG(3390) removed...
Sweeping: AIG(3391) removed...
Sweeping: AIG(3392) removed...
Sweeping: AIG(3393) removed...
Sweeping: AIG(3394) removed...
Sweeping: AIG(3395) removed...
Sweeping: AIG(3396) removed...
Sweeping: AIG(3397) removed...
Sweeping: AIG(3398) removed...
Sweeping: AIG(3399) removed...
Sweeping: AIG(3400) removed...
Sweeping: AIG(3401) removed...
Sweeping: AIG(3402) removed...
Sweeping: AIG(3403) removed...
Sweeping: AIG(3404) removed...
Sweeping: AIG(3405) removed...
Sweeping: AIG(3406) removed...
Sweeping: AIG(3407) removed...
Sweeping: AIG(3408) removed...
Sweeping: AIG(3409) removed...
Sweeping: AIG(3410) removed...
Sweeping: AIG(3411) removed...
Sweeping: AIG(3412) removed...
Sweeping: AIG(3413) removed...
Sweeping: AIG(3414) removed...
Sweeping: AIG(3415) removed...
Sweeping: AIG(3416) removed...
Sweeping: AIG(3417) removed...
Sweeping: AIG(3418) removed...
Sweeping: AIG(3419) removed...
Sweeping: AIG(3420) removed...
Sweeping: AIG(3421) removed...
Sweeping: AIG(3422) removed...
Sweeping: AIG(3423) removed...
Sweeping: AIG(3424) removed...
Sweeping: AIG(3425) removed...
Sweeping: AIG(3426) removed...
Sweeping: AIG(3427) removed...
Sweeping: AIG(3428) removed...
Sweeping: AIG(3429) removed...
Sweeping: AIG(3430) removed...
Sweeping: AIG(3431) removed...
Sweeping: AIG(3432) removed...
Sweeping: AIG(3433) removed...
Sweeping: AIG(3434) removed...
Sweeping: AIG(3435) removed...
Sweeping: AIG(3436) removed...
Sweeping: AIG(3437) removed...
Sweeping: AIG(3438) removed...
Sweeping: AIG(3439) removed...
Sweeping: AIG(3440) removed...
Sweeping: AIG(3441) removed...
Sweeping: AIG(3442) removed...
Sweeping: AIG(3443) removed...
Sweeping: AIG(3444) removed...
Sweeping: AIG(3445) removed...
Sweeping: AIG(3446) removed...
Sweeping: AIG(3447) removed...
Sweeping: AIG(3448) removed...
Sweeping: AIG(3449) removed...
Sweeping: AIG(3450) removed...
Sweeping: AIG(3451) removed...
Sweeping: AIG(3452) removed...
Sweeping: AIG(3453) removed...
Sweeping: AIG(3454) removed...
Sweeping: AIG(3455) removed...
Sweeping: AIG(3456) removed...
Sweeping: AIG(3457) removed...
Sweeping: AIG(3458) removed...
Sweeping: AIG(3459) removed...
Sweeping: AIG(3460) removed...
Sweeping: AIG(3461) removed...
Sweeping: AIG(3462) removed...
Sweeping: AIG(3463) removed...
Sweeping: AIG(3464) removed...
Sweeping: AIG(3465) removed...
Sweeping: AIG(3466) removed...
Sweeping: AIG(3467) removed...
Sweeping: AIG(3468) removed...
Sweeping: AIG(3469) removed...
Sweeping: AIG(3470) removed...
Sweeping: AIG(3471) removed...
Sweeping: AIG(3472) removed...
Sweeping: AIG(3473) removed...
Sweeping: AIG(3474) removed...
Sweeping: AIG(3475) removed...
Sweeping: AIG(3476) removed...
Sweeping: AIG(3477) removed...
Sweeping: AIG(3478) removed...
Sweeping: AIG(3479) removed...
Sweeping: AIG(3480) removed...
Sweeping: AIG(3481) removed...
Sweeping: AIG(3482) removed...
Sweeping: AIG(3483) removed...
Sweeping: AIG(3484) removed...
Sweeping: AIG(3485) removed...
Sweeping: AIG(3486) removed...
Sweeping: AIG(3487) removed...
Sweeping: AIG(3488) removed...
Sweeping: AIG(3489) removed...
Sweeping: AIG(3490) removed...
Sweeping: AIG(3491) removed...
Sweeping: AIG(3492) removed...
Sweeping: AIG(3493) removed...
Sweeping: AIG(3494) removed...
Sweeping: AIG(3495) removed...
Sweeping: AIG(3496) removed...
Sweeping: AIG(3497) removed...
Sweeping: AIG(3498) removed...
Sweeping: AIG(3499) removed...
Sweeping: AIG(3500) removed...
Sweeping: AIG(3501) removed...
Sweeping: AIG(3502) removed...
Sweeping: AIG(3503) removed...
Sweeping: AIG(3504) removed...
Sweeping: AIG(3505) removed...
Sweeping: AIG(3506) removed...
Sweeping: AIG(3507) removed...
Sweeping: AIG(3508) removed...
Sweeping: AIG(3509) removed...
Sweeping: AIG(3510) removed...
Sweeping: AIG(3511) removed...
Sweeping: AIG(3512) removed...
Sweeping: AIG(3513) removed...
Sweeping: AIG(3514) removed...
Sweeping: AIG(3515) removed...
Sweeping: AIG(3516) removed...
Sweeping: AIG(3517) removed...
Sweeping: AIG(3518) removed...
Sweeping: AIG(3519) removed...
Sweeping: AIG(3520) removed...
Sweeping: AIG(3521) removed...
Sweeping: AIG(3522) removed...
Sweeping: AIG(3523) removed...
Sweeping: AIG(3524) removed...
Sweeping: AIG(3525) removed...
Sweeping: AIG(3526) removed...
Sweeping: AIG(3527) removed...
Sweeping: AIG(3528) removed...
Sweeping: AIG(3529) removed...
Sweeping: AIG(3530) removed...
Sweeping: AIG(3531) removed...
Sweeping: AIG(3532) removed...
Sweeping: AIG(3533) removed...
Sweeping: AIG(3534) removed...
Sweeping: AIG(3535) removed...
Sweeping: AIG(3536) removed...
Sweeping: AIG(3537) removed...
Sweeping: AIG(3538) removed...
Sweeping: AIG(3539) removed...
Sweeping: AIG(3540) removed...
Sweeping: AIG(3541) removed...
Sweeping: AIG(3542) removed...
Sweeping: AIG(3543) removed...
Sweeping: AIG(3544) removed...
Sweeping: AIG(3545) removed...
Sweeping: AIG(3546) removed...
Sweeping: AIG(3547) removed...
Sweeping: AIG(3548) removed...
Sweeping: AIG(3549) removed...
Sweeping: AIG(3550) removed...
Sweeping: AIG(3551) removed...
Sweeping: AIG(3552) removed...
Sweeping: AIG(3553) removed...
Sweeping: AIG(3554) removed...
Sweeping: AIG(3555) removed...
Sweeping: AIG(3556) removed...
Sweeping: AIG(3557) removed...
Sweeping: AIG(3558) removed...
Sweeping: AIG(3559) removed...
Sweeping: AIG(3560) removed...
Sweeping: AIG(3561) removed...
Sweeping: AIG(3562) removed...
Sweeping: AIG(3563) removed...
Sweeping: AIG(3564) removed...
Sweeping: AIG(3565) removed...
Sweeping: AIG(3566) removed...
Sweeping: AIG(3567) removed...
Sweeping: AIG(3568) removed...
Sweeping: AIG(3569) removed...
Sweeping: AIG(3570) removed...
Sweeping: AIG(3571) removed...
Sweeping: AIG(3572) removed...
Sweeping: AIG(3573) removed...
Sweeping: AIG(3574) removed...
Sweeping: AIG(3575) removed...
Sweeping: AIG(3576) removed...
Sweeping: AIG(3577) removed...
Sweeping: AIG(3578) removed...
Sweeping: AIG(3579) removed...
Sweeping: AIG(3580) removed...
Sweeping: AIG(3581) removed...
Sweeping: AIG(3582) removed...
Sweeping: AIG(3583) removed...
Sweeping: AIG(3584) removed...
Sweeping: AIG(3585) removed...
Sweeping: AIG(3586) removed...
Sweeping: AIG(3587) removed...
Sweeping: AIG(3588) removed...
Sweeping: AIG(3589) removed...
Sweeping: AIG(3590) removed...
Sweeping: AIG(3591) removed...
Sweeping: AIG(3592) removed...
Sweeping: AIG(3593) removed...
Sweeping: AIG(3594) removed...
Sweeping: AIG(3595) removed...
Sweeping: AIG(3596) removed...
Sweeping: AIG(3597) removed...
Sweeping: AIG(3598) removed...
Sweeping: AIG(3599) removed...
Sweeping: AIG(3600) removed...
Sweeping: AIG(3601) removed...
Sweeping: AIG(3602) removed...
Sweeping: AIG(3603) removed...
Sweeping: AIG(3604) removed...
Sweeping: AIG(3605) removed...
Sweeping: AIG(3606) removed...
Sweeping: AIG(3607) removed...
Sweeping: AIG(3608) removed...
Sweeping: AIG(3609) removed...
Sweeping: AIG(3610) removed...
Sweeping: AIG(3611) removed...
Sweeping: AIG(3612) removed...
Sweeping: AIG(3613) removed...
Sweeping: AIG(3614) removed...
Sweeping: AIG(3615) removed...
Sweeping: AIG(3616) removed...
Sweeping: AIG(3617) removed...
Sweeping: AIG(3618) removed...
Sweeping: AIG(3619) removed...
Sweeping: AIG(3620) removed...
Sweeping: AIG(3621) removed...
Sweeping: AIG(3622) removed...
Sweeping: AIG(3623) removed...
Sweeping: AIG(3624) removed...
Sweeping: AIG(3625) removed...
Sweeping: AIG(3626) removed...
Sweeping: AIG(3627) removed...
Sweeping: AIG(3628) removed...
Sweeping: AIG(3629) removed...
Sweeping: AIG(3630) removed...
Sweeping: AIG(3631) removed...
Sweeping: AIG(3632) removed...
Sweeping: AIG(3633) removed...
Sweeping: AIG(3634) removed...
Sweeping: AIG(3635) removed...
Sweeping: AIG(3636) removed...
Sweeping: AIG(3637) removed...
Sweeping: AIG(3638) removed...
Sweeping: AIG(3639) removed...
Sweeping: AIG(3640) removed...
Sweeping: AIG(3641) removed...
Sweeping: AIG(3642) removed...
Sweeping: AIG(3643) removed...
Sweeping: AIG(3644) removed...
Sweeping: AIG(3645) removed...
Sweeping: AIG(3646) removed...
Sweeping: AIG(3647) removed...
Sweeping: AIG(3648) removed...
Sweeping: AIG(3649) removed...
Sweeping: AIG(3650) removed...
Sweeping: AIG(3651) removed...
Sweeping: AIG(3652) removed...
Sweeping: AIG(3653) removed...
Sweeping: AIG(3654) removed...
Sweeping: AIG(3655) removed...
Sweeping: AIG(3656) removed...
Sweeping: AIG(3657) removed...
Sweeping: AIG(3658) removed...
Sweeping: AIG(3659) removed...
Sweeping: AIG(3660) removed...
Sweeping: AIG(3661) removed...
Sweeping: AIG(3662) removed...
Sweeping: AIG(3663) removed...
Sweeping: AIG(3664) removed...
Sweeping: AIG(3665) removed...
Sweeping: AIG(3666) removed...
Sweeping: AIG(3667) removed...
Sweeping: AIG(3668) removed...
Sweeping: AIG(3669) removed...
Sweeping: AIG(3670) removed...
Sweeping: AIG(3671) removed...
Sweeping: AIG(3672) removed...
Sweeping: AIG(3673) removed...
Sweeping: AIG(3674) removed...
Sweeping: AIG(3675) removed...
Sweeping: AIG(3676) removed...
Sweeping: AIG(3677) removed...
Sweeping: AIG(3678) removed...
Sweeping: AIG(3679) removed...
Sweeping: AIG(3680) removed...
Sweeping: AIG(3681) removed...
Sweeping: AIG(3682) removed...
Sweeping: AIG(3683) removed...
Sweeping: AIG(3684) removed...
Sweeping: AIG(3685) removed...
Sweeping: AIG(3686) removed...
Sweeping: AIG(3687) removed...
Sweeping: AIG(3688) removed...
Sweeping: AIG(3689) removed...
Sweeping: AIG(3690) removed...
Sweeping: AIG(3691) removed...
Sweeping: AIG(3692) removed...
Sweeping: AIG(3693) removed...
Sweeping: AIG(3694) removed...
Sweeping: AIG(3695) removed...
Sweeping: AIG(3696) removed...
Sweeping: AIG(3697) removed...
Sweeping: AIG(3698) removed...
Sweeping: AIG(3699) removed...
Sweeping: AIG(3700) removed...
Sweeping: AIG(3701) removed...
Sweeping: AIG(3702) removed...
Sweeping: AIG(3703) removed...
Sweeping: AIG(3704) removed...
Sweeping: AIG(3705) removed...
Sweeping: AIG(3706) removed...
Sweeping: AIG(3707) removed...
Sweeping: AIG(3708) removed...
Sweeping: AIG(3709) removed...
Sweeping: AIG(3710) removed...
Sweeping: AIG(3711) removed...
Sweeping: AIG(3712) removed...
Sweeping: AIG(3713) removed...
Sweeping: AIG(3714) removed...
Sweeping: AIG(3715) removed...
Sweeping: AIG(3716) removed...
Sweeping: AIG(3717) removed...
Sweeping: AIG(3718) removed...
Sweeping: AIG(3719) removed...
Sweeping: AIG(3720) removed...
Sweeping: AIG(3721) removed...
Sweeping: AIG(3722) removed...
Sweeping: AIG(3723) removed...
Sweeping: AIG(3724) removed...
Sweeping: AIG(3725) removed...
Sweeping: AIG(3726) removed...
Sweeping: AIG(3727) removed...
Sweeping: AIG(3728) removed...
Sweeping: AIG(3729) removed...
Sweeping: AIG(3730) removed...
Sweeping: AIG(3731) removed...
Sweeping: AIG(3732) removed...
Sweeping: AIG(3733) removed...
Sweeping: AIG(3734) removed...
Sweeping: AIG(3735) removed...
Sweeping: AIG(3736) removed...
Sweeping: AIG(3737) removed...
Sweeping: AIG(3738) removed...
Sweeping: AIG(3739) removed...
Sweeping: AIG(3740) removed...
Sweeping: AIG(3741) removed...
Sweeping: AIG(3742) removed...
Sweeping: AIG(3743) removed...
Sweeping: AIG(3744) removed...
Sweeping: AIG(3745) removed...
Sweeping: AIG(3746) removed...
Sweeping: AIG(3747) removed...
Sweeping: AIG(3748) removed...
Sweeping: AIG(3749) removed...
Sweeping: AIG(3750) removed...
Sweeping: AIG(3751) removed...
Sweeping: AIG(3752) removed...
Sweeping: AIG(3753) removed...
Sweeping: AIG(3754) removed...
Sweeping: AIG(3755) removed...
Sweeping: AIG(3756) removed...
Sweeping: AIG(3757) removed...
Sweeping: AIG(3758) removed...
Sweeping: AIG(3759) removed...
Sweeping: AIG(3760) removed...
Sweeping: AIG(3761) removed...
Sweeping: AIG(3762) removed...
Sweeping: AIG(3763) removed...
Sweeping: AIG(3764) removed...
Sweeping: AIG(3765) removed...
Sweeping: AIG(3766) removed...
Sweeping: AIG(3767) removed...
Sweeping: AIG(3768) removed...
Sweeping: AIG(3769) removed...
Sweeping: AIG(3770) removed...
Sweeping: AIG(3771) removed...
Sweeping: AIG(3772) removed...
Sweeping: AIG(3773) removed...
Sweeping: AIG(3774) removed...
Sweeping: AIG(3775) removed...
Sweeping: AIG(3776) removed...
Sweeping: AIG(3777) removed...
Sweeping: AIG(3778) removed...
Sweeping: AIG(3779) removed...
Sweeping: AIG(3780) removed...
Sweeping: AIG(3781) removed...
Sweeping: AIG(3782) removed...
Sweeping: AIG(3783) removed...
Sweeping: AIG(3784) removed...
Sweeping: AIG(3785) removed...
Sweeping: AIG(3786) removed...
Sweeping: AIG(3787) removed...
Sweeping: AIG(3788) removed...
Sweeping: AIG(3789) removed...
Sweeping: AIG(3790) removed...
Sweeping: AIG(3791) removed...
Sweeping: AIG(3792) removed...
Sweeping: AIG(3793) removed...
Sweeping: AIG(3794) removed...
Sweeping: AIG(3795) removed...
Sweeping: AIG(3796) removed...
Sweeping: AIG(3797) removed...
Sweeping: AIG(3798) removed...
Sweeping: AIG(3799) removed...
Sweeping: AIG(3800) removed...
Sweeping: AIG(3801) removed...
Sweeping: AIG(3802) removed...
Sweeping: AIG(3803) removed...
Sweeping: AIG(3804) removed...
Sweeping: AIG(3805) removed...
Sweeping: AIG(3806) removed...
Sweeping: AIG(3807) removed...
Sweeping: AIG(3808) removed...
Sweeping: AIG(3809) removed...
Sweeping: AIG(3810) removed...
Sweeping: AIG(3811) removed...
Sweeping: AIG(3812) removed...
Sweeping: AIG(3813) removed...
Sweeping: AIG(3814) removed...
Sweeping: AIG(3815) removed...
Sweeping: AIG(3816) removed...
Sweeping: AIG(3817) removed...
Sweeping: AIG(3818) removed...
Sweeping: AIG(3819) removed...
Sweeping: AIG(3820) removed...
Sweeping: AIG(3821) removed...
Sweeping: AIG(3822) removed...
Sweeping: AIG(3823) removed...
Sweeping: AIG(3824) removed...
Sweeping: AIG(3825) removed...
Sweeping: AIG(3826) removed...
Sweeping: AIG(3827) removed...
Sweeping: AIG(3828) removed...
Sweeping: AIG(3829) removed...
Sweeping: AIG(3830) removed...
Sweeping: AIG(3831) removed...
Sweeping: AIG(3832) removed...
Sweeping: AIG(3833) removed...
Sweeping: AIG(3834) removed...
Sweeping: AIG(3835) removed...
Sweeping: AIG(3836) removed...
Sweeping: AIG(3837) removed...
Sweeping: AIG(3838) removed...
Sweeping: AIG(3839) removed...
Sweeping: AIG(3840) removed...
Sweeping: AIG(3841) removed...
Sweeping: AIG(3842) removed...
Sweeping: AIG(3843) removed...
Sweeping: AIG(3844) removed...
Sweeping: AIG(3845) removed...
Sweeping: AIG(3846) removed...
Sweeping: AIG(3847) removed...
Sweeping: AIG(3848) removed...
Sweeping: AIG(3849) removed...
Sweeping: AIG(3850) removed...
Sweeping: AIG(3851) removed...
Sweeping: AIG(3852) removed...
Sweeping: AIG(3853) removed...
Sweeping: AIG(3854) removed...
Sweeping: AIG(3855) removed...
Sweeping: AIG(3856) removed...
Sweeping: AIG(3857) removed...
Sweeping: AIG(3858) removed...
Sweeping: AIG(3859) removed...
Sweeping: AIG(3860) removed...
Sweeping: AIG(3861) removed...
Sweeping: AIG(3862) removed...
Sweeping: AIG(3863) removed...
Sweeping: AIG(3864) removed...
Sweeping: AIG(3865) removed...
Sweeping: AIG(3866) removed...
Sweeping: AIG(3867) removed...
Sweeping: AIG(3868) removed...
Sweeping: AIG(3869) removed...
Sweeping: AIG(3870) removed...
Sweeping: AIG(3871) removed...
Sweeping: AIG(3872) removed...
Sweeping: AIG(3873) removed...
Sweeping: AIG(3874) removed...
Sweeping: AIG(3875) removed...
Sweeping: AIG(3876) removed...
Sweeping: AIG(3877) removed...
Sweeping: AIG(3878) removed...
Sweeping: AIG(3879) removed...
Sweeping: AIG(3880) removed...
Sweeping: AIG(3881) removed...
Sweeping: AIG(3882) removed...
Sweeping: AIG(3883) removed...
Sweeping: AIG(3884) removed...
Sweeping: AIG(3885) removed...
Sweeping: AIG(3886) removed...
Sweeping: AIG(3887) removed...
Sweeping: AIG(3888) removed...
Sweeping: AIG(3889) removed...
Sweeping: AIG(3890) removed...
Sweeping: AIG(3891) removed...
Sweeping: AIG(3892) removed...
Sweeping: AIG(3893) removed...
Sweeping: AIG(3894) removed...
Sweeping: AIG(3895) removed...
Sweeping: AIG(3896) removed...
Sweeping: AIG(3897) removed...
Sweeping: AIG(3898) removed...
Sweeping: AIG(3899) removed...
Sweeping: AIG(3900) removed...
Sweeping: AIG(3901) removed...
Sweeping: AIG(3902) removed...
Sweeping: AIG(3903) removed...
Sweeping: AIG(3904) removed...
Sweeping: AIG(3905) removed...
Sweeping: AIG(3906) removed...
Sweeping: AIG(3907) removed...
Sweeping: AIG(3908) removed...
Sweeping: AIG(3909) removed...
Sweeping: AIG(3910) removed...
Sweeping: AIG(3911) removed...
Sweeping: AIG(3912) removed...
Sweeping: AIG(3913) removed...
Sweeping: AIG(3914) removed...
Sweeping: AIG(3915) removed...
Sweeping: AIG(3916) removed...
Sweeping: AIG(3917) removed...
Sweeping: AIG(3918) removed...
Sweeping: AIG(3919) removed...
Sweeping: AIG(3920) removed...
Sweeping: AIG(3921) removed...
Sweeping: AIG(3922) removed...
Sweeping: AIG(3923) removed...
Sweeping: AIG(3924) removed...
Sweeping: AIG(3925) removed...
Sweeping: AIG(3926) removed...
Sweeping: AIG(3927) removed...
Sweeping: AIG(3928) removed...
Sweeping: AIG(3929) removed...
Sweeping: AIG(3930) removed...
Sweeping: AIG(3931) removed...
Sweeping: AIG(3932) removed...
Sweeping: AIG(3933) removed...
Sweeping: AIG(3934) removed...
Sweeping: AIG(3935) removed...
Sweeping: AIG(3936) removed...
Sweeping: AIG(3937) removed...
Sweeping: AIG(3938) removed...
Sweeping: AIG(3939) removed...
Sweeping: AIG(3940) removed...
Sweeping: AIG(3941) removed...
Sweeping: AIG(3942) removed...
Sweeping: AIG(3943) removed...
Sweeping: AIG(3944) removed...
Sweeping: AIG(3945) removed...
Sweeping: AIG(3946) removed...
Sweeping: AIG(3947) removed...
Sweeping: AIG(3948) removed...
Sweeping: AIG(3949) removed...
Sweeping: AIG(3950) removed...
Sweeping: AIG(3951) removed...
Sweeping: AIG(3952) removed...
Sweeping: AIG(3953) removed...
Sweeping: AIG(3954) removed...
Sweeping: AIG(3955) removed...
Sweeping: AIG(3956) removed...
Sweeping: AIG(3957) removed...
Sweeping: AIG(3958) removed...
Sweeping: AIG(3959) removed...
Sweeping: AIG(3960) removed...
Sweeping: AIG(3961) removed...
Sweeping: AIG(3962) removed...
Sweeping: AIG(3963) removed...
Sweeping: AIG(3964) removed...
Sweeping: AIG(3965) removed...
Sweeping: AIG(3966) removed...
Sweeping: AIG(3967) removed...
Sweeping: AIG(3968) removed...
Sweeping: AIG(3969) removed...
Sweeping: AIG(3970) removed...
Sweeping: AIG(3971) removed...
Sweeping: AIG(3972) removed...
Sweeping: AIG(3973) removed...
Sweeping: AIG(3974) removed...
Sweeping: AIG(3975) removed...
Sweeping: AIG(3976) removed...
Sweeping: AIG(3977) removed...
Sweeping: AIG(3978) removed...
Sweeping: AIG(3979) removed...
Sweeping: AIG(3980) removed...
Sweeping: AIG(3981) removed...
Sweeping: AIG(3982) removed...
Sweeping: AIG(3983) removed...
Sweeping: AIG(3984) removed...
Sweeping: AIG(3985) removed...
Sweeping: AIG(3986) removed...
Sweeping: AIG(3987) removed...
Sweeping: AIG(3988) removed...
Sweeping: AIG(3989) removed...
Sweeping: AIG(3990) removed...
Sweeping: AIG(3991) removed...
Sweeping: AIG(3992) removed...
Sweeping: AIG(3993) removed...
Sweeping: AIG(3994) removed...
Sweeping: AIG(3995) removed...
Sweeping: AIG(3996) removed...
Sweeping: AIG(3997) removed...
Sweeping: AIG(3998) removed...
Sweeping: AIG(3999) removed...
Sweeping: AIG(4000) removed...
Sweeping: AIG(4001) removed...
Sweeping: AIG(4002) removed...
Sweeping: AIG(4003) removed...
Sweeping: AIG(4004) removed...
Sweeping: AIG(4005) removed...
Sweeping: AIG(4006) removed...
Sweeping: AIG(4007) removed...
Sweeping: AIG(4008) removed...
Sweeping: AIG(4009) removed...
Sweeping: AIG(4010) removed...
Sweeping: AIG(4011) removed...
Sweeping: AIG(4012) removed...
Sweeping: AIG(4013) removed...
Sweeping: AIG(4014) removed...
Sweeping: AIG(4015) removed...
Sweeping: AIG(4016) removed...
Sweeping: AIG(4017) removed...
Sweeping: AIG(4018) removed...
Sweeping: AIG(4019) removed...
Sweeping: AIG(4020) removed...
Sweeping: AIG(4021) removed...
Sweeping: AIG(4022) removed...
Sweeping: AIG(4023) removed...
Sweeping: AIG(4024) removed...
Sweeping: AIG(4025) removed...
Sweeping: AIG(4026) removed...
Sweeping: AIG(4027) removed...
Sweeping: AIG(4028) removed...
Sweeping: AIG(4029) removed...
Sweeping: AIG(4030) removed...
Sweeping: AIG(4031) removed...
Sweeping: AIG(4032) removed...
Sweeping: AIG(4033) removed...
Sweeping: AIG(4034) removed...
Sweeping: AIG(4035) removed...
Sweeping: AIG(4036) removed...
Sweeping: AIG(4037) removed...
Sweeping: AIG(4038) removed...
Sweeping: AIG(4039) removed...
Sweeping: AIG(4040) removed...
Sweeping: AIG(4041) removed...
Sweeping: AIG(4042) removed...
Sweeping: AIG(4043) removed...
Sweeping: AIG(4044) removed...
Sweeping: AIG(4045) removed...
Sweeping: AIG(4046) removed...
Sweeping: AIG(4047) removed...
Sweeping: AIG(4048) removed...
Sweeping: AIG(4049) removed...
Sweeping: AIG(4050) removed...
Sweeping: AIG(4051) removed...
Sweeping: AIG(4052) removed...
Sweeping: AIG(4053) removed...
Sweeping: AIG(4054) removed...
Sweeping: AIG(4055) removed...
Sweeping: AIG(4056) removed...
Sweeping: AIG(4057) removed...
Sweeping: AIG(4058) removed...
Sweeping: AIG(4059) removed...
Sweeping: AIG(4060) removed...
Sweeping: AIG(4061) removed...
Sweeping: AIG(4062) removed...
Sweeping: AIG(4063) removed...
Sweeping: AIG(4064) removed...
Sweeping: AIG(4065) removed...
Sweeping: AIG(4066) removed...
Sweeping: AIG(4067) removed...
Sweeping: AIG(4068) removed...
Sweeping: AIG(4069) removed...
Sweeping: AIG(4070) removed...
Sweeping: AIG(4071) removed...
Sweeping: AIG(4072) removed...
Sweeping: AIG(4073) removed...
Sweeping: AIG(4074) removed...
Sweeping: AIG(4075) removed...
Sweeping: AIG(4076) removed...
Sweeping: AIG(4077) removed...
Sweeping: AIG(4078) removed...
Sweeping: AIG(4079) removed...
Sweeping: AIG(4080) removed...
Sweeping: AIG(4081) removed...
Sweeping: AIG(4082) removed...
Sweeping: AIG(4083) removed...
Sweeping: AIG(4084) removed...
Sweeping: AIG(4085) removed...
Sweeping: AIG(4086) removed...
Sweeping: AIG(4087) removed...
Sweeping: AIG(4088) removed...
Sweeping: AIG(4089) removed...
Sweeping: AIG(4090) removed...
Sweeping: AIG(4091) removed...
Sweeping: AIG(4092) removed...
Sweeping: AIG(4093) removed...
Sweeping: AIG(4094) removed...
Sweeping: AIG(4095) removed...
Sweeping: AIG(4096) removed...
Sweeping: AIG(4097) removed...
Sweeping: AIG(4098) removed...
Sweeping: AIG(4099) removed...
Sweeping: AIG(4100) removed...
Sweeping: AIG(4101) removed...
Sweeping: AIG(4102) removed...
Sweeping: AIG(4103) removed...
Sweeping: AIG(4104) removed...
Sweeping: AIG(4105) removed...
Sweeping: AIG(4106) removed...
Sweeping: AIG(4107) removed...
Sweeping: AIG(4108) removed...
Sweeping: AIG(4109) removed...
Sweeping: AIG(4110) removed...
Sweeping: AIG(4111) removed...
Sweeping: AIG(4112) removed...
Sweeping: AIG(4113) removed...
Sweeping: AIG(4114) removed...
Sweeping: AIG(4115) removed...
Sweeping: AIG(4116) removed...
Sweeping: AIG(4117) removed...
Sweeping: AIG(4118) removed...
Sweeping: AIG(4119) removed...
Sweeping: AIG(4120) removed...
Sweeping: AIG(4121) removed...
Sweeping: AIG(4122) removed...
Sweeping: AIG(4123) removed...
Sweeping: AIG(4124) removed...
Sweeping: AIG(4125) removed...
Sweeping: AIG(4126) removed...
Sweeping: AIG(4127) removed...
Sweeping: AIG(4128) removed...
Sweeping: AIG(4129) removed...
Sweeping: AIG(4130) removed...
Sweeping: AIG(4131) removed...
Sweeping: AIG(4132) removed...
Sweeping: AIG(4133) removed...
Sweeping: AIG(4134) removed...
Sweeping: AIG(4135) removed...
Sweeping: AIG(4136) removed...
Sweeping: AIG(4137) removed...
Sweeping: AIG(4138) removed...
Sweeping: AIG(4139) removed...
Sweeping: AIG(4140) removed...
Sweeping: AIG(4141) removed...
Sweeping: AIG(4142) removed...
Sweeping: AIG(4143) removed...
Sweeping: AIG(4144) removed...
Sweeping: AIG(4145) removed...
Sweeping: AIG(4146) removed...
Sweeping: AIG(4147) removed...
Sweeping: AIG(4148) removed...
Sweeping: AIG(4149) removed...
Sweeping: AIG(4150) removed...
Sweeping: AIG(4151) removed...
Sweeping: AIG(4152) removed...
Sweeping: AIG(4153) removed...
Sweeping: AIG(4154) removed...
Sweeping: AIG(4155) removed...
Sweeping: AIG(4156) removed...
Sweeping: AIG(4157) removed...
Sweeping: AIG(4158) removed...
Sweeping: AIG(4159) removed...
Sweeping: AIG(4160) removed...
Sweeping: AIG(4161) removed...
Sweeping: AIG(4162) removed...
Sweeping: AIG(4163) removed...
Sweeping: AIG(4164) removed...
Sweeping: AIG(4165) removed...
Sweeping: AIG(4166) removed...
Sweeping: AIG(4167) removed...
Sweeping: AIG(4168) removed...
Sweeping: AIG(4169) removed...
Sweeping: AIG(4170) removed...
Sweeping: AIG(4171) removed...
Sweeping: AIG(4172) removed...
Sweeping: AIG(4173) removed...
Sweeping: AIG(4174) removed...
Sweeping: AIG(4175) removed...
Sweeping: AIG(4176) removed...
Sweeping: AIG(4177) removed...
Sweeping: AIG(4178) removed...
Sweeping: AIG(4179) removed...
Sweeping: AIG(4180) removed...
Sweeping: AIG(4181) removed...
Sweeping: AIG(4182) removed...
Sweeping: AIG(4183) removed...
Sweeping: AIG(4184) removed...
Sweeping: AIG(4185) removed...
Sweeping: AIG(4186) removed...
Sweeping: AIG(4187) removed...
Sweeping: AIG(4188) removed...
Sweeping: AIG(4189) removed...
Sweeping: AIG(4190) removed...
Sweeping: AIG(4191) removed...
Sweeping: AIG(4192) removed...
Sweeping: AIG(4193) removed...
Sweeping: AIG(4194) removed...
Sweeping: AIG(4195) removed...
Sweeping: AIG(4196) removed...
Sweeping: AIG(4197) removed...
Sweeping: AIG(4198) removed...
Sweeping: AIG(4199) removed...
Sweeping: AIG(4200) removed...
Sweeping: AIG(4201) removed...
Sweeping: AIG(4202) removed...
Sweeping: AIG(4203) removed...
Sweeping: AIG(4204) removed...
Sweeping: AIG(4205) removed...
Sweeping: AIG(4206) removed...
Sweeping: AIG(4207) removed...
Sweeping: AIG(4208) removed...
Sweeping: AIG(4209) removed...
Sweeping: AIG(4210) removed...
Sweeping: AIG(4211) removed...
Sweeping: AIG(4212) removed...
Sweeping: AIG(4213) removed...
Sweeping: AIG(4214) removed...
Sweeping: AIG(4215) removed...
Sweeping: AIG(4216) removed...
Sweeping: AIG(4217) removed...
Sweeping: AIG(4218) removed...
Sweeping: AIG(4219) removed...
Sweeping: AIG(4220) removed...
Sweeping: AIG(4221) removed...
Sweeping: AIG(4222) removed...
Sweeping: AIG(4223) removed...
Sweeping: AIG(4224) removed...
Sweeping: AIG(4225) removed...
Sweeping: AIG(4226) removed...
Sweeping: AIG(4227) removed...
Sweeping: AIG(4228) removed...
Sweeping: AIG(4229) removed...
Sweeping: AIG(4230) removed...
Sweeping: AIG(4231) removed...
Sweeping: AIG(4232) removed...
Sweeping: AIG(4233) removed...
Sweeping: AIG(4234) removed...
Sweeping: AIG(4235) removed...
Sweeping: AIG(4236) removed...
Sweeping: AIG(4237) removed...
Sweeping: AIG(4238) removed...
Sweeping: AIG(4239) removed...
Sweeping: AIG(4240) removed...
Sweeping: AIG(4241) removed...
Sweeping: AIG(4242) removed...
Sweeping: AIG(4243) removed...
Sweeping: AIG(4244) removed...
Sweeping: AIG(4245) removed...
Sweeping: AIG(4246) removed...
Sweeping: AIG(4247) removed...
Sweeping: AIG(4248) removed...
Sweeping: AIG(4249) removed...
Sweeping: AIG(4250) removed...
Sweeping: AIG(4251) removed...
Sweeping: AIG(4252) removed...
Sweeping: AIG(4253) removed...
Sweeping: AIG(4254) removed...
Sweeping: AIG(4255) removed...
Sweeping: AIG(4256) removed...
Sweeping: AIG(4257) removed...
Sweeping: AIG(4258) removed...
Sweeping: AIG(4259) removed...
Sweeping: AIG(4260) removed...
Sweeping: AIG(4261) removed...
Sweeping: AIG(4262) removed...
Sweeping: AIG(4263) removed...
Sweeping: AIG(4264) removed...
Sweeping: AIG(4265) removed...
Sweeping: AIG(4266) removed...
Sweeping: AIG(4267) removed...
Sweeping: AIG(4268) removed...
Sweeping: AIG(4269) removed...
Sweeping: AIG(4270) removed...
Sweeping: AIG(4271) removed...
Sweeping: AIG(4272) removed...
Sweeping: AIG(4273) removed...
Sweeping: AIG(4274) removed...

fraig> cirp

Circuit Statistics
==================
  PI           4
  PO        2176
  AIG       2176
------------------
  Total     4356

fraig> usage
Period time used : 0.13 seconds
Total time used  : 0.29 seconds
Total memory used: 1.168 M Bytes

fraig> cirsim -r

Total #FEC Group = 228

Total #FEC Group = 250

Total #FEC Group = 250

Total #FEC Group = 250

Total #FEC Group = 250

Total #FEC Group = 250

Total #FEC Group = 250

Total #FEC Group = 250

Total #FEC Group = 250

288 patterns simulated.

fraig> cirp -fec
[0] 1296 1307 1465 1560 1579 0 
[1] 7 10 12 15 18 20 22 23 25 27 29 31 33 36 38 40 43 46 50 53 54 57 60 63 64 67 69 72 75 78 80 82 84 85 87 90 92 94 97 99 102 104 107 109 110 111 114 117 120 121 123 126 128 131 133 134 137 138 141 143 144 146 147 150 152 154 157 160 161 162 165 168 171 173 174 178 181 182 185 186 187 188 189 190 192 193 194 195 196 199 202 205 207 208 209 210 212 214 217 219 220 222 224 227 230 232 234 235 237 239 241 244 245 246 248 250 252 253 254 255 256 258 260 261 262 264 265 267 269 270 271 273 276 278 280 281 283 285 287 288 289 290 292 293 294 296 298 300 301 302 304 306 308 310 312 315 318 321 1841 
[2] 812 1152 1175 
[3] 1416 1421 1423 1425 1429 1441 1445 1447 1449 1474 1486 1504 1511 1551 1576 1582 
[4] 817 950 957 1238 
[5] 1283 1289 1310 1314 
[6] 1037 1046 1081 1122 1138 1205 
[7] 1499 1594 
[8] 1896 1903 
[9] 1250 2173 
[10] 1498 1593 
[11] 460 488 492 495 498 508 513 517 527 542 570 783 
[12] 70 307 530 
[13] 19 21 30 77 79 251 286 322 323 324 326 328 330 331 333 336 338 341 343 346 347 349 350 352 354 357 360 362 365 366 369 372 374 375 376 379 381 384 387 389 391 393 395 396 397 398 400 401 403 405 406 407 409 411 414 416 418 419 420 421 422 424 426 429 431 433 436 438 440 441 444 445 447 448 449 450 452 453 455 458 !461 
[14] 408 2051 
[15] 183 459 1266 
[16] 2079 2085 
[17] 130 443 
[18] 487 493 496 500 504 509 512 518 528 543 571 
[19] 468 547 986 
[20] 550 937 1433 
[21] 2078 2086 
[22] 28 32 39 257 1987 
[23] 140 295 
[24] 112 960 981 
[25] 463 466 470 472 473 476 478 480 484 485 !489 491 !494 !497 !501 503 !505 507 !510 !514 515 !519 524 526 !529 533 535 539 !544 546 549 552 554 556 560 563 565 569 !572 575 578 581 585 587 
[26] 479 534 !551 553 555 559 
[27] 132 588 589 591 !592 !593 595 596 597 601 603 604 607 609 611 613 614 616 618 620 623 625 627 628 630 632 635 636 637 639 641 !642 645 !646 !647 648 649 650 653 654 656 658 659 661 663 665 667 669 672 674 676 678 681 684 686 688 691 693 694 696 698 700 701 703 706 707 709 710 711 713 715 717 718 720 !721 724 726 729 731 736 737 739 741 744 747 750 751 752 754 756 758 760 762 !763 767 770 772 773 775 !776 777 779 782 !784 787 
[28] 2155 2162 
[29] 465 471 477 506 !548 564 
[30] 2070 2073 2076 2077 !2080 2081 2084 !2087 
[31] 1459 1478 1501 
[32] 621 801 1363 1410 1414 1431 1437 1453 1455 1457 !1460 1464 !1466 1468 1472 !1479 1482 1484 1491 1493 !1502 1506 1509 1513 1516 1525 1528 1532 1534 1538 1540 1555 1558 1562 1574 1578 !1580 1584 1588 1597 1601 1604 
[33] 1291 1324 
[34] 1564 1572 
[35] 105 1173 1221 1295 1301 1304 1306 1312 1318 1328 1331 1339 1524 1603 
[36] 1075 1190 
[37] 1268 !1270 1274 1278 
[38] 1360 1371 
[39] 892 1007 
[40] 1631 1637 1738 1751 1755 1763 1767 1769 1775 1874 1899 
[41] 1606 1754 
[42] 11 14 24 86 125 153 272 291 320 1798 1803 1814 1817 1823 1829 1832 1871 
[43] 1345 1354 
[44] 1655 1658 1660 1663 1665 1667 1669 1671 1673 1675 1677 1680 
[45] !1681 1683 1685 1688 1690 1692 !1693 1695 
[46] 446 1678 1725 2064 2067 
[47] 608 774 2105 2138 
[48] 49 81 266 
[49] 159 231 
[50] 415 749 
[51] 1787 1794 
[52] 1697 1699 1701 1703 
[53] 98 1943 1945 1978 1981 
[54] 8 59 213 335 353 361 383 386 394 410 413 432 1831 1972 1974 2062 2066 
[55] 2017 !2018 !2019 2021 2022 !2023 2024 2027 !2028 2042 
[56] 13 108 221 
[57] 334 !545 615 652 664 666 668 671 673 !677 725 738 746 786 
[58] !2030 2032 2034 
[59] !427 897 
[60] 850 854 858 862 869 872 876 886 903 906 993 1015 1017 1020 1043 1101 1115 1612 
[61] 327 861 868 
[62] 853 871 875 
[63] 610 1488 
[64] 17 26 37 201 206 236 557 955 997 1084 1099 1156 1193 1215 
[65] 566 583 
[66] 118 2144 
[67] 100 1028 1034 1087 1091 1161 1179 1187 1888 
[68] 170 204 259 
[69] 55 1852 
[70] 1848 1862 
[71] 16 211 284 345 348 368 371 380 437 
[72] 240 1947 1950 1975 
[73] 9 297 954 1977 1980 
[74] 1022 1373 
[75] 73 !1791 1796 1811 1819 
[76] 1757 1760 
[77] 818 819 820 821 822 824 826 829 831 834 837 839 841 843 844 !845 
[78] 634 757 
[79] 309 !558 600 606 640 657 660 662 !716 728 753 755 769 
[80] 631 702 
[81] 2098 !2099 
[82] !1733 1735 
[83] 1341 1357 1390 1396 !1398 
[84] 1365 1367 1383 
[85] 523 !1342 1346 1350 1355 !1358 
[86] 1615 1619 1622 
[87] !2106 !2107 2108 2110 2112 2113 !2114 2115 !2117 2118 2122 2126 
[88] 6 151 303 1032 1068 1207 
[89] !388 390 
[90] !1917 !1918 1921 1924 !1926 !1929 1931 1933 1935 1936 
[91] !1934 !1938 !1940 !1941 !1942 !1944 !1946 !1948 1949 !1951 1952 !1953 !1954 1956 1958 1960 1962 !1963 1965 1967 !1969 !1973 !1976 !1979 !1982 
[92] !2043 !2045 !2047 !2048 
[93] !682 !689 
[94] !823 !825 !828 830 833 836 !838 !842 
[95] !402 !748 835 
[96] 1515 !1686 
[97] !1436 !1569 
[98] !1344 !1353 
[99] 490 626 655 714 730 849 852 859 867 874 887 904 907 1443 1521 
[100] 1343 1347 1351 1352 1356 1359 
[101] 605 679 708 
[102] 1745 1748 1961 
[103] 223 482 516 947 1000 
[104] 1570 2038 
[105] 113 430 991 
[106] 1362 1366 1368 1370 1372 1374 1376 1378 !1381 1384 
[107] 47 946 1808 1813 1825 1834 
[108] 176 486 499 
[109] 233 1650 
[110] 91 580 1019 1044 1146 1202 
[111] 5 119 172 263 340 356 359 364 439 457 617 644 705 766 771 789 791 792 794 795 797 798 799 800 803 805 808 809 811 814 1141 1244 2124 2147 
[112] 1385 1386 1387 1391 1392 1393 1397 1399 1401 !1402 1404 
[113] 228 !525 1098 1145 
[114] 101 1361 
[115] 1731 1732 1734 1736 1737 1741 
[116] !1704 1705 1706 1707 !1708 !1709 1711 1713 !1714 1716 
[117] 1743 1744 !1746 1747 !1749 1750 
[118] !1752 !1753 !1756 1758 !1759 1761 1762 !1764 1766 !1768 !1770 1771 1772 1773 1774 !1776 1778 1780 1781 
[119] 1717 1718 1720 
[120] 1782 !1783 !1784 !1785 1786 !1788 1790 1792 1793 !1795 1797 !1799 1800 1801 !1802 !1804 1805 1807 !1809 1810 1812 !1815 1816 !1818 1820 1822 !1824 !1826 1828 !1830 !1833 !1835 
[121] 299 !1497 
[122] 1636 !1639 
[123] 1613 1893 1908 
[124] 1837 !1840 1843 
[125] !1870 1873 !1875 !1876 1877 1878 1879 1882 
[126] !1842 1844 !1847 1849 1850 1851 1853 1857 1859 1861 1863 !1864 1865 
[127] !1635 1806 
[128] 1777 !1883 !1885 1886 1887 1889 !1890 1891 
[129] 1845 2001 
[130] 651 2123 
[131] !2031 2035 2036 2037 
[132] 1249 !1836 
[133] 846 848 !851 !855 857 !860 !863 865 !866 !870 !873 !877 879 881 883 885 !888 890 891 894 896 899 902 !905 !908 2151 
[134] 910 911 !912 914 915 917 !918 919 921 !922 923 !924 925 927 928 929 933 
[135] 562 602 2139 
[136] 898 920 
[137] !2102 2104 
[138] 882 895 
[139] 856 !934 935 936 940 944 945 !948 !949 952 953 !956 959 963 964 965 !966 968 970 971 972 976 !977 !978 980 983 985 988 990 !994 996 !998 999 !1001 1002 1005 1008 1009 1011 
[140] 893 1434 
[141] 145 967 !995 
[142] 1369 1375 
[143] 1256 1257 !1258 1259 !1260 1261 1262 1264 
[144] 1265 1267 1269 1271 1273 1275 1279 
[145] 166 2063 2068 
[146] 142 !2053 
[147] 184 1272 
[148] 1012 1014 !1016 !1018 !1021 1024 1027 1031 1036 1039 1042 !1045 1047 !1048 1049 1051 1054 1058 
[149] 1406 1408 
[150] 790 1026 1060 1062 1063 !1064 1066 1067 1070 1072 !1073 1076 1079 1080 1082 !1085 1086 1089 1093 1095 1097 !1100 !1102 1104 !1105 1106 1108 1110 1112 1114 !1116 1119 !1120 1123 1125 1126 1130 1132 1133 1135 !1136 1139 !1140 !1142 1144 !1147 1150 !1151 1154 1155 !1157 !1158 1160 1164 1165 1167 1169 1170 1174 1177 1178 1181 !1182 1185 1189 1191 !1192 1195 1196 1198 1200 !1201 !1203 1204 1206 1210 !1211 1214 !1216 1217 1218 1220 1223 1225 !1226 1229 1231 1233 1235 1237 1240 1243 !1245 1248 1251 1253 1255 
[151] 337 1094 !1111 1282 1284 1285 1287 !1288 1290 1292 1294 1298 1299 1302 1305 1309 1311 1313 1315 1317 1319 1320 1322 1325 1326 1329 !1330 1332 1334 1337 1340 
[152] 363 939 951 958 !979 1172 1224 1236 1239 
[153] 768 1377 1403 1411 1415 1417 1419 1420 1422 1424 1426 1428 1430 1432 !1435 1438 1440 1442 !1444 1446 1448 1450 1452 1454 1456 1458 1461 1463 1467 1469 !1470 1473 1475 1477 1480 !1481 1483 1485 1487 !1489 1492 1494 1496 1500 1503 1505 1507 1510 1512 1514 1517 1520 !1522 1526 !1527 1529 !1530 !1531 1533 1535 1537 1539 1541 1542 1544 !1545 !1547 1550 1552 1556 1559 1563 1565 1566 !1567 !1568 !1571 1573 1575 1577 1581 1583 1585 !1586 1587 1589 1590 !1591 !1592 1595 1598 1602 1605 
[154] !561 !1038 1405 1407 1880 
[155] 1153 1176 
[156] 1149 1219 
[157] 456 643 !810 943 !1234 1252 1297 1308 !2143 
[158] 2093 2095 
[159] !622 !1439 !1462 
[160] !106 !1338 
[161] 1721 1724 1727 
[162] 1712 1715 1728 
[163] 2128 !2129 !2131 !2133 2135 2136 2137 !2140 2142 
[164] 1985 1988 1989 
[165] 1991 !1992 1994 
[166] 1666 !1719 1821 
[167] 1789 !1827 
[168] !1640 !1641 
[169] 2050 2052 
[170] 226 !1726 !2065 !2069 
[171] !2054 2056 !2057 2060 
[172] !1078 1131 !1616 1617 !1620 !1623 1626 1628 1630 !1632 1633 
[173] !1642 1644 1646 1648 1652 
[174] !1765 !1881 !1892 !1894 !1895 1897 !1898 !1900 1902 1904 1906 1907 !1909 
[175] !1627 !1643 !1645 !1872 
[176] 1911 !1912 !1913 !1914 1915 
[177] !1986 1997 !1998 1999 2000 !2002 2004 2006 !2007 !2009 2011 !2012 
[178] !225 !1995 2055 2059 
[179] !670 !2109 !2125 !2127 !2134 !2141 
[180] !1197 !1213 
[181] !61 !1855 1858 
[182] 2177 2180 
[183] 1905 2175 
[184] 1124 1624 
[185] 1629 2170 
[186] 2169 !2172 !2174 !2176 
[187] 435 454 
[188] 536 2111 
[189] 215 2005 
[190] 704 1451 1476 
[191] 540 1651 
[192] 76 765 
[193] 229 1056 
[194] 2156 2163 
[195] 149 1129 
[196] 680 695 
[197] !2157 !2160 !2164 
[198] 2092 2094 
[199] 568 584 
[200] !216 434 
[201] !537 778 
[202] !742 780 !2145 2149 
[203] !567 !582 
[204] 590 594 598 1599 
[205] 1955 1964 
[206] 1920 1923 
[207] 522 1349 
[208] 34 1006 
[209] 65 930 1300 2041 
[210] 351 2121 
[211] 319 1029 1033 1208 
[212] 41 579 612 727 734 1471 1490 !1600 
[213] 481 633 
[214] 2020 2025 
[215] !344 !1303 1327 1970 
[216] !638 !685 !735 
[217] 2088 2096 
[218] 52 1277 !1412 
[219] !1413 1554 
[220] 355 382 !385 !764 !796 802 807 1090 1162 1186 1409 !1523 !2061 !2146 
[221] !2016 !2040 
[222] !619 761 
[223] 268 !1684 
[224] !93 !785 
[225] !58 !1276 !1971 !2026 
[226] 692 !712 
[227] 901 !2150 
[228] 238 !520 
[229] !1689 1691 
[230] !599 !2119 
[231] !815 1013 !1023 !1030 !1035 
[232] !1919 1922 
[233] !719 889 
[234] 156 !1083 
[235] !521 !1348 
[236] !909 !913 !916 932 2154 2161 
[237] !878 941 962 982 987 !989 !1010 
[238] !573 !931 1553 
[239] !1050 !1057 !1065 !1071 !1143 !1194 
[240] 1281 !1293 
[241] !135 !788 !1625 !2120 !2148 
[242] !148 832 1059 1061 !1069 !1088 !1092 !1096 !1103 !1109 !1113 1118 !1121 !1128 !1134 !1137 1159 !1163 1168 !1180 !1184 !1188 !1209 1222 1228 !1254 
[243] !88 !961 !1171 !1227 !1508 !1557 1561 !1596 !2010 
[244] !1495 !1543 
[245] !743 !781 
[246] 462 !464 
[247] !1280 !2058 
[248] !840 !2091 
[249] !806 !1025 !1148 

fraig> usage
Period time used : 2.06 seconds
Total time used  : 2.35 seconds
Total memory used: 3.469 M Bytes

fraig> cirfr

fraig> usage
Period time used : 2.35 seconds
Total time used  : 4.7 seconds
Total memory used: 4.293 M Bytes

fraig> cirp

Circuit Statistics
==================
  PI           4
  PO        2176
  AIG        532
------------------
  Total     2712

fraig> usage
Period time used : 0 seconds
Total time used  : 4.7 seconds
Total memory used: 4.293 M Bytes

fraig> q -f

