adt> adta -r 1000

adt> usage
Period time used : 0.01 seconds

adt> adtp
adt> usage
Period time used : 0 seconds

adt> adtd -all

adt> usage
Period time used : 0 seconds

adt> 
adt> adta -r 10000

adt> usage
Period time used : 1.51 seconds

adt> adtp
adt> usage
Period time used : 0 seconds

adt> adtd -all

adt> usage
Period time used : 0 seconds

adt> 
adt> adta -r 100000

adt> usage
Period time used : 209 seconds

adt> adtp
adt> usage
Period time used : 0.04 seconds

adt> adtd -all

adt> usage
Period time used : 0.02 seconds

Total time used  : 210.6 seconds
Total memory used: 3.871 M Bytes


